commit ae96e3e7fdd2767c4a39f78eefc744b6a6b0801c
Merge: 0799c93 38b8176
Author: Xavier Ramirez <alpha@wireless-10-147-125-187.public.utexas.edu>
Date:   Thu Mar 24 19:58:13 2016 -0500

    Merge branch 'dev'
    big merge

commit 38b8176c48622ee8ad085e712f11cd23f1bdec90
Author: Xavier Ramirez <alpha@wireless-10-147-125-187.public.utexas.edu>
Date:   Thu Mar 24 19:57:43 2016 -0500

    added log

commit fad3743fb370551c20ece77b7c7aa23206cca21b
Author: Jorge Munoz <jorgmuno@cs.utexas.edu>
Date:   Thu Mar 24 19:54:34 2016 -0500

    Added Ragan Behrens bio and pic

commit b8bafec32bd5351bdce372f6498618ced8c8cc4c
Merge: ea6e147 42d5a16
Author: Kristine Domingo <kristine@cs.utexas.edu>
Date:   Thu Mar 24 19:48:27 2016 -0500

    Merge branch 'dev' of github.com:kristinedomingo/cs373-idb into dev

commit ea6e1475a5498d1fe009b709d00bafa9eb8c754a
Author: Kristine Domingo <kristine@cs.utexas.edu>
Date:   Thu Mar 24 19:48:19 2016 -0500

    Added models.html

commit 42d5a16cdd584be82667014a3262aa37b1ba7745
Author: Daniel Abrego <danielabrego@utexas.edu>
Date:   Thu Mar 24 19:32:50 2016 -0500

    updated my information

commit 0799c933d3f8941d55de39b50b9e42fbefdc1c32
Merge: 5d5d2c3 6f88a40
Author: Kristine Domingo <kristine@cs.utexas.edu>
Date:   Thu Mar 24 19:31:19 2016 -0500

    Merge branch 'master' of github.com:kristinedomingo/cs373-idb

commit 5d5d2c30c4276ba8da4f75602ddb9f8bb8f5d301
Author: Kristine Domingo <kristine@cs.utexas.edu>
Date:   Thu Mar 24 19:27:24 2016 -0500

    Fixe img link

commit 342f032aec25f254d517fb33d45ad6c3f7f6a2a0
Merge: db7b903 59f5781
Author: Kristine Domingo <kristine@cs.utexas.edu>
Date:   Thu Mar 24 19:26:37 2016 -0500

    Fixed merge

commit db7b903ed7cb13cfe4b6c62afbd312959b346123
Author: Kristine Domingo <kristine@cs.utexas.edu>
Date:   Thu Mar 24 19:25:48 2016 -0500

    Added bio

commit 59f578168e034315b0ef8e2a9209e793e0a758be
Merge: 4aab08c 20d66fc
Author: Jorge Munoz <jorgmuno@cs.utexas.edu>
Date:   Thu Mar 24 19:21:37 2016 -0500

    Merge branch 'dev' of https://github.com/kristinedomingo/cs373-idb into dev
    Merging to make the branch clean

commit 4aab08cdf6c65a97647145a668d590e8b0a93020
Author: Jorge Munoz <jorgmuno@cs.utexas.edu>
Date:   Thu Mar 24 19:21:05 2016 -0500

    added pictures and bio

commit 20d66fce1eda7b756e9bbd73b87cb570e9b4f95e
Author: Daniel Abrego <danielabrego@utexas.edu>
Date:   Thu Mar 24 19:12:19 2016 -0500

    added bio information and linked image

commit 7908fdc1c3247db453401dfbf3fa215b3822e20d
Merge: 09d01ac ebd26fa
Author: Daniel Abrego <danielabrego@utexas.edu>
Date:   Thu Mar 24 18:41:28 2016 -0500

    Merge branch 'dev' of https://github.com/kristinedomingo/cs373-idb into dev

commit 09d01acaa89868970c8b85a2ab52951f025d997d
Author: Daniel Abrego <danielabrego@utexas.edu>
Date:   Thu Mar 24 18:40:47 2016 -0500

    added headshot

commit ebd26fadc68e31e457f116f53e5c79ca619a70d9
Merge: 5a075fd b46b28e
Author: Jorge Munoz <jorgmuno@cs.utexas.edu>
Date:   Thu Mar 24 18:36:22 2016 -0500

    Merge branch 'dev' of https://github.com/kristinedomingo/cs373-idb into dev
    Because mergin is fun and needed

commit b46b28ef4eac26e2389ccb49f141ffe29b45e6d8
Author: Xavier Ramirez <alpha@wireless-10-147-125-187.public.utexas.edu>
Date:   Thu Mar 24 18:34:59 2016 -0500

    Added current count for issues

commit 5a075fd67a5de2f5d857b88c3bccf84170d82ae7
Author: Jorge Munoz <jorgmuno@cs.utexas.edu>
Date:   Thu Mar 24 18:34:23 2016 -0500

    Change the UML to make it look better. this closes # 4, this closes #10,closes #11, closes #12

commit 50644e819be5a2497004a4618b6c14cd279acb71
Merge: 2347448 aba710f
Author: Daniel Abrego <danielabrego@utexas.edu>
Date:   Thu Mar 24 18:31:16 2016 -0500

    Merge branch 'dev' of https://github.com/kristinedomingo/cs373-idb into dev

commit aba710f059151788cf7b9101bd5e463620607ee2
Author: Xavier Ramirez <alpha@wireless-10-147-125-187.public.utexas.edu>
Date:   Thu Mar 24 18:27:45 2016 -0500

    changed link to image to jpg rather than png

commit 03a6825a219a31fd363e12b9332c41fac67f08be
Merge: 8c45454 9ee55d2
Author: Xavier Ramirez <alpha@wireless-10-147-125-187.public.utexas.edu>
Date:   Thu Mar 24 18:21:18 2016 -0500

    Merge branch 'dev' of https://github.com/kristinedomingo/cs373-idb into dev

commit 8c45454988164e661426336410dc6290ed0066ee
Author: Xavier Ramirez <alpha@wireless-10-147-125-187.public.utexas.edu>
Date:   Thu Mar 24 18:21:06 2016 -0500

    my bio heh

commit 234744888e4b39ba5272b1d3871352c4f8ca85da
Author: Daniel Abrego <danielabrego@utexas.edu>
Date:   Thu Mar 24 18:17:32 2016 -0500

    added comments

commit 9ee55d26c424e69f350e196bfc4ac3c80f397fd5
Author: Jorge Munoz <jorgmuno@cs.utexas.edu>
Date:   Thu Mar 24 18:09:16 2016 -0500

    finshed updating the models should look clean.

commit 7c1cc2ce9c1732d8f61d1bf9f7b63ed768dc32d1
Author: Daniel Abrego <danielabrego@utexas.edu>
Date:   Thu Mar 24 18:06:51 2016 -0500

    updated expected json models for albums and tracks

commit 33704542ac7447de66dc551d7ecce157e06e0920
Merge: 57ad137 5f4526d
Author: Kristine Domingo <kristine@cs.utexas.edu>
Date:   Thu Mar 24 17:58:30 2016 -0500

    Merge branch 'dev' of github.com:kristinedomingo/cs373-idb into dev

commit 57ad137eb9bca83a8bcc24c60ae62ce603e49721
Author: Kristine Domingo <kristine@cs.utexas.edu>
Date:   Thu Mar 24 17:58:23 2016 -0500

    Added img property to members JSON

commit 5f4526db98b12cbe33ab167bac6d708011ea4393
Author: Daniel Abrego <danielabrego@utexas.edu>
Date:   Thu Mar 24 17:52:52 2016 -0500

    updated artists to more match data model

commit 416a962961b35054707c5f8b93e3881ac1b0388b
Merge: 36d870c b89de2b
Author: Daniel Abrego <danielabrego@utexas.edu>
Date:   Thu Mar 24 17:38:15 2016 -0500

    Merge branch 'dev' of https://github.com/kristinedomingo/cs373-idb into dev

commit 36d870c8d4ae7819aa8b34d8d28c94ef7647d154
Author: Daniel Abrego <danielabrego@utexas.edu>
Date:   Thu Mar 24 17:37:35 2016 -0500

    fixed the name

commit d5bc130c0d4c1005ab996b8d1689df499d8beda7
Author: Daniel Abrego <danielabrego@utexas.edu>
Date:   Thu Mar 24 17:37:02 2016 -0500

    renamed to tests.py and added ids and uris to test models

commit b89de2b99978be2f48c2a91f90b312b35e5a202b
Author: Kristine Domingo <kristine@cs.utexas.edu>
Date:   Thu Mar 24 17:35:30 2016 -0500

    Removed unecessary reloading of table data

commit be4ed1c4d87dcb3b43a3dd07b3072587afdae4fa
Author: Kristine Domingo <kristine@cs.utexas.edu>
Date:   Thu Mar 24 17:21:16 2016 -0500

    Added make check to travis

commit 6f88a4065e7c27cb1e35d8998d839759c75aa67f
Author: Daniel Abrego <danielabrego@utexas.edu>
Date:   Thu Mar 24 17:12:52 2016 -0500

    added missing break line

commit 3ca30ba40b0ab6aa93ef9c75ccf5215b53f7956c
Merge: abcfa36 ab2a1a2
Author: Kristine Domingo <kristine@cs.utexas.edu>
Date:   Thu Mar 24 17:09:33 2016 -0500

    Merge branch 'master' into dev

commit ab2a1a2eebd6aa3f85798bdc52d4b5840db3e8fd
Merge: 07f472c 42090ca
Author: Kristine Domingo <kristine@cs.utexas.edu>
Date:   Thu Mar 24 17:09:11 2016 -0500

    Merge branch 'master' of github.com:kristinedomingo/cs373-idb

commit 07f472cb477a89d6cfcfd10554a54eb54539bae5
Author: Kristine Domingo <kristine@cs.utexas.edu>
Date:   Thu Mar 24 17:08:56 2016 -0500

    Added group name to About page

commit 42090caff47ae049db2daabf30f730befd10ad82
Author: Daniel Abrego <danielabrego@utexas.edu>
Date:   Thu Mar 24 17:07:33 2016 -0500

    updated URIs for albums and tracks and added ids

commit e70d8564091e4a4566da5b412079ec7515309efb
Merge: f442d53 b0bf9ec
Author: Kristine Domingo <kristine@cs.utexas.edu>
Date:   Thu Mar 24 16:46:04 2016 -0500

    Merge branch 'dev'

commit abcfa36177e6ad7d9029a0cfa882d56250b594f9
Author: Daniel Abrego <danielabrego@utexas.edu>
Date:   Thu Mar 24 16:44:37 2016 -0500

    added stub routes based on the API documentation for going forward

commit b0bf9eceb22077238104e433a49f30a3243c748e
Author: Kristine Domingo <kristine@cs.utexas.edu>
Date:   Thu Mar 24 16:42:53 2016 -0500

    Added details links to tables, close #56

commit d5678d72acbfc89ffa583fc699f3efadd8f99ef4
Merge: d158092 811c371
Author: Kristine Domingo <kristine@cs.utexas.edu>
Date:   Thu Mar 24 15:52:57 2016 -0500

    Merge branch 'dev' of github.com:kristinedomingo/cs373-idb into dev

commit d15809262707cfe0a6d1ea3216e56582ef73d4f4
Author: Kristine Domingo <kristine@cs.utexas.edu>
Date:   Thu Mar 24 15:52:47 2016 -0500

    Loaded all three tables at homepage (for now)

commit 811c371df3fa2cbc71047e2d4649dbb8dfc016e1
Author: Jorge Munoz <jorgmuno@cs.utexas.edu>
Date:   Thu Mar 24 15:45:11 2016 -0500

    added the last test module for tracks

commit b7843ba0b07310dde825d297b73c0828fbf388ee
Author: Kristine Domingo <kristine@cs.utexas.edu>
Date:   Thu Mar 24 15:43:40 2016 -0500

    Revert "Close #52 (missing data issue)"
    
    This reverts commit 86856727e1f111d60d925414e89cea4f0a96f51f.

commit fe591389d7570e7c264a06978a6f7f8875cd22e3
Author: Kristine Domingo <kristine@cs.utexas.edu>
Date:   Thu Mar 24 15:43:02 2016 -0500

    Revert "Revert "Filled in about information""
    
    This reverts commit 2d072b558e834bca63407b46798516b57a2f6baf.

commit 2d072b558e834bca63407b46798516b57a2f6baf
Author: Kristine Domingo <kristine@cs.utexas.edu>
Date:   Thu Mar 24 15:41:04 2016 -0500

    Revert "Filled in about information"
    
    This reverts commit ef1e56fa7046aabe5c85d8ca9ab39603437c8e18.

commit 86856727e1f111d60d925414e89cea4f0a96f51f
Author: Kristine Domingo <kristine@cs.utexas.edu>
Date:   Thu Mar 24 14:52:13 2016 -0500

    Close #52 (missing data issue)

commit ef1e56fa7046aabe5c85d8ca9ab39603437c8e18
Author: Kristine Domingo <kristine@cs.utexas.edu>
Date:   Thu Mar 24 14:37:24 2016 -0500

    Filled in about information

commit 24939f49ceea993540088fa8877b856e539553f0
Author: Jorge Munoz <jorgmuno@cs.utexas.edu>
Date:   Wed Mar 23 17:43:04 2016 -0500

    modified test.py. Added the unit test for albums

commit 19f9f3f77c8093e7279c8fc9b2081b1be8b5cbd3
Author: Xavier Ramirez <alpha@wireless-10-147-219-140.public.utexas.edu>
Date:   Wed Mar 23 17:36:22 2016 -0500

    Added styling to artists and altered html to fit bootstrap grid sys

commit 3a05a3d532dedcc1f42f5d751dbb6100ee8866aa
Merge: 9d5e0f0 e9e4d65
Author: Kristine Domingo <kristine@cs.utexas.edu>
Date:   Wed Mar 23 16:52:47 2016 -0500

    Merge branch 'dev' of github.com:kristinedomingo/cs373-idb into dev

commit 9d5e0f0bc026c826b11fff809b3ffd7565807398
Author: Kristine Domingo <kristine@cs.utexas.edu>
Date:   Wed Mar 23 16:52:38 2016 -0500

    Fixed image sizing on albums/tracks details pages

commit e9e4d65a93724b6de65a538c865be40b407771c7
Author: Jorge Munoz <jorgmuno@cs.utexas.edu>
Date:   Wed Mar 23 16:43:37 2016 -0500

    added test.py. And added test for the model

commit 289a7cb81d1a8b40693930871e342472a4f74832
Author: Kristine Domingo <kristine@cs.utexas.edu>
Date:   Wed Mar 23 16:38:42 2016 -0500

    Removed pymysql from travis build file

commit f442d53062a38ff57ae03bd15d28b71d6ae62e6a
Merge: f7d2f64 50c1322
Author: Kristine Domingo <kristine@cs.utexas.edu>
Date:   Wed Mar 23 16:35:48 2016 -0500

    Merge branch 'master' of github.com:kristinedomingo/cs373-idb

commit f7d2f64e0010ba8ce7ea524a187cba7fe02462bd
Author: Kristine Domingo <kristine@cs.utexas.edu>
Date:   Wed Mar 23 16:33:57 2016 -0500

    Added Spotify widget to Album details

commit 50c1322498e09a13db1e2146eaaebf5cea0337ca
Author: Kristine Domingo <kristineadomingo@gmail.com>
Date:   Wed Mar 23 16:17:51 2016 -0500

    Fixed missing comma

commit 21e1c4df0cc1e4ba6ab782a2b0365a3eae37dda7
Author: Kristine Domingo <kristineadomingo@gmail.com>
Date:   Wed Mar 23 16:16:47 2016 -0500

    Transferring API Description file from Apiary.io

commit 0ef3cbd5314b5a8558a1514ad8abf06285d900a4
Author: Kristine Domingo <kristineadomingo@gmail.com>
Date:   Wed Mar 23 16:15:59 2016 -0500

    Transferring API Description file from Apiary.io

commit 4433771fc85388da38752d8349d4d10139a836c6
Author: Kristine Domingo <kristine@cs.utexas.edu>
Date:   Wed Mar 23 00:19:44 2016 -0500

    Updated makefile

commit ab7bbad1191be9cbc191483f62b4e7916fb7a8ae
Author: Kristine Domingo <kristine@cs.utexas.edu>
Date:   Wed Mar 23 00:09:39 2016 -0500

    Added links to details on track table

commit c18029cfeebbad2cbc49858f68b310f4598b087a
Author: Kristine Domingo <kristine@cs.utexas.edu>
Date:   Wed Mar 23 00:06:27 2016 -0500

    Added spotify widget to track details

commit d0a8e346c64c41590d2c89fc98d269e26bf1c272
Merge: d3ae51a bdd0309
Author: Kristine Domingo <kristine@cs.utexas.edu>
Date:   Tue Mar 22 19:20:34 2016 -0500

    Merge branch 'dev' of github.com:kristinedomingo/cs373-idb into dev

commit d3ae51a1ad594f324cd176aea33e787a49fa7884
Author: Kristine Domingo <kristine@cs.utexas.edu>
Date:   Tue Mar 22 19:20:30 2016 -0500

    Began mp3 widget service

commit bdd03098964b203ad122a8dcc641f8341e1b7926
Author: Xavier Ramirez <alpha@wireless-10-147-76-60.public.utexas.edu>
Date:   Tue Mar 22 19:14:54 2016 -0500

    anchor items in the artist details page, and made the color of the anchor purple

commit 47cedcbc1be34d001647888d32047b3c52b6ef8d
Author: Jorge Munoz <jorgmuno@cs.utexas.edu>
Date:   Tue Mar 22 18:50:46 2016 -0500

    fix the models.py and added the one to many relationship.

commit 908ed53bbcc99cc5ec4cfe37e057b09aedfccc25
Author: Kristine Domingo <kristine@cs.utexas.edu>
Date:   Tue Mar 22 18:43:49 2016 -0500

    Fixed tracks, removed 6th member space

commit 39aa46b56946f3c088dadccd204982c4dcfd10e1
Merge: 847151a 0307b4f
Author: Xavier Ramirez <alpha@wireless-10-147-76-60.public.utexas.edu>
Date:   Tue Mar 22 18:21:59 2016 -0500

    Merge branch 'dev' of https://github.com/kristinedomingo/cs373-idb into dev

commit 847151ad675474e6ff99c46b67ff1fd48294f21e
Author: Xavier Ramirez <alpha@wireless-10-147-76-60.public.utexas.edu>
Date:   Tue Mar 22 18:21:52 2016 -0500

    Changed the data being pulled from the api to items that were listed in Artist so that we can do cross site linking. Also fixed small bug in TrackCtrl

commit 0307b4f3f985bf536722cc5856b58156788affe0
Author: Jorge Munoz <jorgmuno@cs.utexas.edu>
Date:   Tue Mar 22 18:15:31 2016 -0500

    Uml file updated. Still need to check if everything is correct

commit 08e498cf45fe5578e28876e5dfadfbe53010568c
Merge: 24863a3 9f6fbef
Author: Jorge Munoz <jorgmuno@cs.utexas.edu>
Date:   Tue Mar 22 17:25:57 2016 -0500

    Merge branch 'dev' of https://github.com/kristinedomingo/cs373-idb into dev
    Because I forgot to pull first ooops

commit 24863a383719d8bbf37307cedf1b1512568163dc
Author: Jorge Munoz <jorgmuno@cs.utexas.edu>
Date:   Tue Mar 22 17:25:42 2016 -0500

    added uml looks dirty will try to make it look better. Add some writing

commit 9f6fbef0ed0949f76e8b2485741a7cdcd10d0fdc
Merge: 32af7f2 83639fd
Author: Xavier Ramirez <alpha@wireless-10-147-76-60.public.utexas.edu>
Date:   Tue Mar 22 17:23:25 2016 -0500

    Merge branch 'dev' of https://github.com/kristinedomingo/cs373-idb into dev

commit 32af7f214da0723d8c18e094a52077c3bb97cca5
Author: Xavier Ramirez <alpha@wireless-10-147-76-60.public.utexas.edu>
Date:   Tue Mar 22 17:23:11 2016 -0500

    Finished details subsection

commit 83639fdf3ad62d26d8f92e868b057c8667339fd3
Author: Jorge Munoz <jorgmuno@cs.utexas.edu>
Date:   Tue Mar 22 17:03:53 2016 -0500

    added the models.py. Still not done. Need to add assertions based on Downing Rules

commit 3fcc50be71396f05506292a8bbc388492b72955a
Author: Xavier Ramirez <alpha@wireless-10-147-76-60.public.utexas.edu>
Date:   Tue Mar 22 16:33:52 2016 -0500

    Completed section for Artist News

commit cb78a4528958dd229effbed972518b54f02e3085
Author: Kristine Domingo <kristine@cs.utexas.edu>
Date:   Tue Mar 22 15:29:18 2016 -0500

    Added links to track in album details, began track-details

commit 7c1a34a04d4eb2ab5b1cb8ff5bc8e44a15d710e5
Author: Kristine Domingo <kristine@cs.utexas.edu>
Date:   Tue Mar 22 12:30:33 2016 -0500

    Added links to artist pages on album details page

commit 10fe12aea64a7cbfff6875552cca17b6c73c08da
Merge: 34d3420 79d1fbf
Author: Kristine Domingo <kristine@cs.utexas.edu>
Date:   Tue Mar 22 12:20:19 2016 -0500

    Merge branch 'dev' of github.com:kristinedomingo/cs373-idb into dev

commit 34d34209493d782db7a21e065e105ec1974a2a13
Author: Kristine Domingo <kristine@cs.utexas.edu>
Date:   Tue Mar 22 12:20:14 2016 -0500

    Made album detail boxes fit, postponing 'description' box

commit 79d1fbfa7e2ac5994a9ec80c460f35b62999d43f
Author: Xavier Ramirez <alpha@Xaviers-MacBook-Pro.local>
Date:   Mon Mar 21 23:36:59 2016 -0500

    handled empty data scenario

commit fa69e69ffdbabd064f2a97eb314a42dbdc1bcb55
Author: Xavier Ramirez <alpha@Xaviers-MacBook-Pro.local>
Date:   Mon Mar 21 23:23:20 2016 -0500

    Bio is set up for artist

commit 26eab09be8428498d174435d755345d01a727a92
Author: Xavier Ramirez <alpha@Xaviers-MacBook-Pro.local>
Date:   Mon Mar 21 22:53:52 2016 -0500

    added news and bio services to be consumed by tables

commit 441873639a20b2ec29acb1563dd1e3d852fc2bc3
Author: Xavier Ramirez <alpha@Xaviers-MacBook-Pro.local>
Date:   Mon Mar 21 22:19:00 2016 -0500

    Added angular resource

commit 3d66f37eea70fadbac741da3c73aad6e93449704
Author: Xavier Ramirez <alpha@Xaviers-MacBook-Pro.local>
Date:   Mon Mar 21 22:16:05 2016 -0500

    Fixed base styling for artist details page

commit 50667a712c148e7c88842fb06a305d64cc8d1971
Merge: 256cd78 ea7ec2e
Author: Xavier Ramirez <alpha@Xaviers-MacBook-Pro.local>
Date:   Mon Mar 21 21:59:35 2016 -0500

    Merge branch 'dev' of https://github.com/kristinedomingo/cs373-idb into dev

commit 256cd78edaabb295c6772f14009dc48e033259bd
Author: Xavier Ramirez <alpha@Xaviers-MacBook-Pro.local>
Date:   Mon Mar 21 21:59:17 2016 -0500

    added artist-details css and added custom css. Changed the routing associated with the more details screen

commit ea7ec2e0ac54417f7ba1263d0ff710bc99358e2c
Author: Kristine Domingo <kristine@cs.utexas.edu>
Date:   Mon Mar 21 21:28:50 2016 -0500

    Fixed splash page CSS

commit fc5e7c302d8b3133f94211a0904e879ac90548d6
Author: Kristine Domingo <kristine@cs.utexas.edu>
Date:   Mon Mar 21 20:50:11 2016 -0500

    Got rid of the double scrollbar lol

commit 4ff22167a090246c3897da8e59ea181519e9d18c
Merge: 677b274 02aaa86
Author: Kristine Domingo <kristine@cs.utexas.edu>
Date:   Mon Mar 21 20:38:13 2016 -0500

    Merge branch 'dev' of github.com:kristinedomingo/cs373-idb into dev

commit 677b274d79ff64f960129269d562a9c0fcdcec68
Author: Kristine Domingo <kristine@cs.utexas.edu>
Date:   Mon Mar 21 20:38:05 2016 -0500

    Added base.css, removed redundant CSS, close #49

commit 02aaa865a9776713796428e1944fa79baae8127d
Author: Xavier Ramirez <alpha@Xaviers-MacBook-Pro.local>
Date:   Mon Mar 21 20:36:09 2016 -0500

    removed persistArtist and changed over to localStorage

commit 4fab44dd118b5e5ac023eb155cd8ad1f5c99347f
Author: Kristine Domingo <kristine@cs.utexas.edu>
Date:   Mon Mar 21 20:22:05 2016 -0500

    Close #50 (fixed scrolling on iOS)

commit 7c182e3529ad6c3ef1279c8be8cd7a8376f77e09
Merge: f109729 353efa1
Author: Kristine Domingo <kristine@cs.utexas.edu>
Date:   Mon Mar 21 20:14:37 2016 -0500

    Merge branch 'dev' of github.com:kristinedomingo/cs373-idb into dev

commit f109729cecb5906f42abf24360aeb0c3f1544107
Author: Kristine Domingo <kristine@cs.utexas.edu>
Date:   Mon Mar 21 20:14:32 2016 -0500

    Cleaned up album details page

commit 353efa1e989b0b13ca5063d5f4a2da3dda70efb3
Merge: 3adaca7 d999166
Author: Xavier Ramirez <alpha@Xaviers-MacBook-Pro.local>
Date:   Mon Mar 21 20:01:14 2016 -0500

    Merge branch 'dev' of https://github.com/kristinedomingo/cs373-idb into dev

commit 3adaca7d59b21928e1ca5e42afd6fa832a8b21d6
Author: Xavier Ramirez <alpha@Xaviers-MacBook-Pro.local>
Date:   Mon Mar 21 20:00:58 2016 -0500

    defined function in ArtistDetailsCtrl to find correct artist

commit d999166771dd81eb09f5206fdc8374ba3bc3adb3
Author: Kristine Domingo <kristine@cs.utexas.edu>
Date:   Mon Mar 21 17:56:45 2016 -0500

    Completed routing and information passing for Album Details pages

commit cb7d74f523327efd50373f9bf1a46368aa5e69f4
Author: Xavier Ramirez <alpha@Xaviers-MacBook-Pro.local>
Date:   Sun Mar 20 14:13:23 2016 -0500

    removed old app.js debug statements

commit fdcae4d677538758bf5ef7dab213c2440864f6fb
Author: Xavier Ramirez <alpha@Xaviers-MacBook-Pro.local>
Date:   Sun Mar 20 14:09:03 2016 -0500

    Fixed issue with the getter for ArtistDetailsCtrl, turned out to be a dependency issue on the controller Fixes #47

commit b8bc57ea361e9894234463e37d651420dba1f6f3
Author: Kristine Domingo <kristine@cs.utexas.edu>
Date:   Sun Mar 20 13:09:19 2016 -0500

    Made team member array easier to read.

commit dc9f802cc5fa6438242fa3cf4bb0c521fa480c9c
Author: Kristine Domingo <kristine@cs.utexas.edu>
Date:   Sun Mar 20 12:58:02 2016 -0500

    Added controller to About page, shortening HTML

commit 4dc0c2cedf86d66cdb13165730e2136e13b9b8f0
Author: Kristine Domingo <kristine@cs.utexas.edu>
Date:   Sun Mar 20 12:21:35 2016 -0500

    Added travis file

commit a1c95699dbcc0cef119795fb64db027d4d0c381a
Author: Kristine Domingo <kristine@cs.utexas.edu>
Date:   Sun Mar 20 12:07:16 2016 -0500

    Cleaned up code, added images to get_tracks

commit b79dc0e55090aecfc0e6154ce4145f3ab14581d6
Author: Kristine Domingo <kristine@cs.utexas.edu>
Date:   Sun Mar 20 12:01:14 2016 -0500

    Fixed album duration display

commit 5cf48efcdfcd28dc8e13b3c8415282ba93f8c164
Author: Kristine Domingo <kristine@cs.utexas.edu>
Date:   Sun Mar 20 11:55:49 2016 -0500

    Added tracks table, close #15

commit 4d3aa25cd76f0f7e75cdbcb01ddbc858020fafe2
Author: Kristine Domingo <kristine@cs.utexas.edu>
Date:   Sun Mar 20 00:29:03 2016 -0500

    Close #44

commit 929309ac16a83627a981c12cbba717e000536c7d
Author: Kristine Domingo <kristine@cs.utexas.edu>
Date:   Sun Mar 20 00:00:17 2016 -0500

    Matched albums css to artists

commit 46fba8071c55737208d2745b59c918c190310546
Author: Kristine Domingo <kristine@cs.utexas.edu>
Date:   Sat Mar 19 23:54:05 2016 -0500

    Removed line on top of tables

commit f153a217161ecb5b9a9fdc446e558bd076cccd4a
Author: Kristine Domingo <kristine@cs.utexas.edu>
Date:   Sat Mar 19 23:49:22 2016 -0500

    Cleaned up CSS

commit 73e38e2507c958948b991a7b77d92b7e36cbb9d8
Author: Kristine Domingo <kristine@cs.utexas.edu>
Date:   Sat Mar 19 23:36:49 2016 -0500

    Fixed stylings on albums

commit 6ab9dd57ea00b42226bd26c2320837dbb4e827ff
Author: Kristine Domingo <kristine@cs.utexas.edu>
Date:   Sat Mar 19 23:08:42 2016 -0500

    Fixed sorting in albums table

commit 3a776e4163a006a1f17bb9e820246c3d8b7ef9bb
Merge: 5c98fc7 299f0ae
Author: Kristine Domingo <kristine@cs.utexas.edu>
Date:   Sat Mar 19 23:06:52 2016 -0500

    Merge branch 'dev' of github.com:kristinedomingo/cs373-idb into dev

commit 5c98fc7e90399a80a33ac9aeed30c4a51cdb0fc2
Author: Kristine Domingo <kristine@cs.utexas.edu>
Date:   Sat Mar 19 23:06:31 2016 -0500

    Changed album length to human readable times

commit 299f0aee13f6c682ef5c6a0df2978ecd4eb5486f
Author: Xavier Ramirez <alpha@Xaviers-MacBook-Pro.local>
Date:   Sat Mar 19 23:05:03 2016 -0500

    fixing sorting bug

commit 2661dbb04452f64a62245acb3c00942014eb24fc
Merge: c41ffcc e9ce233
Author: Kristine Domingo <kristine@cs.utexas.edu>
Date:   Sat Mar 19 22:53:13 2016 -0500

    Merge branch 'dev' of github.com:kristinedomingo/cs373-idb into dev

commit c41ffccad36c442f1f82d3fd42654ffc4bc76fee
Author: Kristine Domingo <kristine@cs.utexas.edu>
Date:   Sat Mar 19 22:47:24 2016 -0500

    Added albums page, close #14

commit e9ce233ec8620f951bde6afb18132b17fff22922
Author: Xavier Ramirez <alpha@Xaviers-MacBook-Pro.local>
Date:   Sat Mar 19 22:39:54 2016 -0500

    Potentially fixed active nav issue

commit 8557546191618eec60220a9d24984db0518cb4f2
Merge: a6a93a9 89c6e02
Author: Kristine Domingo <kristine@cs.utexas.edu>
Date:   Sat Mar 19 21:53:41 2016 -0500

    Merge branch 'dev' of github.com:kristinedomingo/cs373-idb into dev

commit 89c6e0268b19d9a176f400b06b4478ad2a54ad80
Author: Xavier Ramirez <alpha@Xaviers-MacBook-Pro.local>
Date:   Sat Mar 19 21:11:24 2016 -0500

    Beautified html and CSS. Converted tabs to spaces in all JS files! Fixes #45

commit efa269a95f3c4241b94712ee7b84eabc905bbb52
Author: Xavier Ramirez <alpha@Xaviers-MacBook-Pro.local>
Date:   Sat Mar 19 21:04:27 2016 -0500

    Restructured and renamed files to correlate more with other examples of flask/angular projects

commit 7b943629960ba03cdfd65450dfdb4ea23fb92a96
Author: Xavier Ramirez <alpha@Xaviers-MacBook-Pro.local>
Date:   Sat Mar 19 20:51:29 2016 -0500

    Big commit, changed from flask routing to angular, added angular-dynamic css library, will be removing redundancy in the next commit

commit a6a93a96de1ef6f8b4d3dc332155d39f6ee4a44e
Author: Kristine Domingo <kristine@cs.utexas.edu>
Date:   Sat Mar 19 17:43:18 2016 -0500

    Added docker-build and docker-push to makefile, close #29

commit 19c176be08c60df0d3a3997b66de02450a6a2a0f
Merge: 432c275 9fda6c3
Author: Xavier Ramirez <alpha@Xaviers-MacBook-Pro.local>
Date:   Sat Mar 19 14:09:01 2016 -0500

    Merge branch 'dev' of https://github.com/kristinedomingo/cs373-idb into dev

commit 432c275c0089a8befb331fd535f85a833538b7c1
Author: Xavier Ramirez <alpha@Xaviers-MacBook-Pro.local>
Date:   Sat Mar 19 14:08:29 2016 -0500

    Fixed styling on the table, added another attribute to artists Fixes #35 Fixes #39

commit 9fda6c3548d96a9fe398162818d56f2f7d52cf21
Author: Kristine Domingo <kristine@cs.utexas.edu>
Date:   Sat Mar 19 12:48:24 2016 -0500

    Fixed vertical centering, close #40

commit 1a3e857cb281f4bf70db20c8983333a13bf9a5e5
Author: Kristine Domingo <kristine@cs.utexas.edu>
Date:   Sat Mar 19 12:39:35 2016 -0500

    Added 6th person slot (close #42)

commit bfcf813ee90248f51c4d1d7e76e53c3b5b9081d5
Author: Kristine Domingo <kristine@cs.utexas.edu>
Date:   Sat Mar 19 12:33:25 2016 -0500

    Fixed active nav links (close #41)

commit 01c081677cfbed6bfb7335f184f6402a567d1c54
Author: Xavier Ramirez <alpha@Xaviers-MacBook-Pro.local>
Date:   Thu Mar 17 22:00:17 2016 -0500

    Implemented sorting for artist tables

commit acc9a666705f1334b3141035156615b3a361df81
Author: Xavier Ramirez <alpha@Xaviers-MacBook-Pro.local>
Date:   Thu Mar 17 16:42:22 2016 -0500

    Fixed the table rendering

commit 5cf9be852bd7b0fe3d9b20f3724b2f454c5ec869
Author: Xavier Ramirez <alpha@Xaviers-MacBook-Pro.local>
Date:   Thu Mar 17 16:17:15 2016 -0500

    changed back angular src ref to the min version, and removed debug status in idb.py

commit 47242325a0b5ba76e83c8764d95880a6767f870e
Author: Xavier Ramirez <alpha@Xaviers-MacBook-Pro.local>
Date:   Thu Mar 17 16:11:49 2016 -0500

    omg omg angular is working O.O... I believe I have all angular files configured to work correctly

commit a97cdeb25fdef67dc660b96481270088b16725c2
Author: Xavier Ramirez <alpha@Xaviers-MacBook-Pro.local>
Date:   Wed Mar 16 18:36:17 2016 -0500

    Removed the last static html page in favor of the templating system. Updated idb.py to reflect this change

commit 2776cd764c62e9df85ce7448ebd1db41452bcc28
Author: Xavier Ramirez <alpha@Xaviers-MacBook-Pro.local>
Date:   Wed Mar 16 18:30:55 2016 -0500

    Added jquery src instead of CDN and added the script tags to include both angular and jquery into base html

commit c0efcf3352815563302ff2ecc313b7f68fbfa8c0
Author: Xavier Ramirez <alpha@Xaviers-MacBook-Pro.local>
Date:   Wed Mar 16 18:14:41 2016 -0500

    small changes to artists template and css. Added minified angularjs

commit 52b354d0f533814e741bb5103b8c61a33c5d08e1
Author: Xavier Ramirez <alpha@Xaviers-MBP.example.com>
Date:   Tue Mar 15 21:06:20 2016 -0500

    Added image attribute to artist tables. Changed some styling for the table to look more appealing based on the img cover

commit 651cb27f99fb0ab6d3bdb1bf9ab0d4742a4d6be4
Author: Xavier Ramirez <alpha@Xaviers-MBP.example.com>
Date:   Tue Mar 15 18:46:30 2016 -0500

    Removed the static about.html that was no longer being served. Used pretify to format HTML. See https://github.com/victorporof/Sublime-HTMLPrettify

commit ca108e04c35ff3879bdedd1dd7a1b219e620b928
Author: Xavier Ramirez <alpha@Xaviers-MBP.example.com>
Date:   Tue Mar 15 18:42:01 2016 -0500

    Changed styling in artist to be centered. Removed redundant html and utilized flask templating system. Switched flask to serve a template for about rather than a static file

commit 917d8871f7138f177ae690b055487ea155ca35b8
Author: Xavier Ramirez <alpha@Xaviers-MBP.example.com>
Date:   Mon Mar 14 17:13:12 2016 -0500

    Removed my echonest API key since it didn't provide a solution to genre problem

commit 7aad09f073bc15b410f0cc3d77e4b0f377c5edcd
Author: Xavier Ramirez <alpha@Xaviers-MBP.example.com>
Date:   Mon Mar 14 17:11:48 2016 -0500

    Implemented data creation for artists page and updated artists template to utilize the artist data

commit 16346b19dee8cefd09a2e08090748a45ccea27b4
Author: Kristine Domingo <kristine@cs.utexas.edu>
Date:   Sun Mar 13 15:25:36 2016 -0500

    Added logo credits to about page

commit 1fda703a9b201bcf208aa82d14854bc88bd3ebf4
Author: Kristine Domingo <kristine@cs.utexas.edu>
Date:   Sun Mar 13 15:14:31 2016 -0500

    Compressed concert bg even more, removed unused imgs

commit 01aa6a5e88ebaa37a56f0327a4ee7898145dda86
Author: Kristine Domingo <kristine@cs.utexas.edu>
Date:   Sun Mar 13 14:51:01 2016 -0500

    Added static artists html template

commit a7f54be1fbd9cd9bebca8c74ac15f5ab1d97717d
Author: Kristine Domingo <kristine@cs.utexas.edu>
Date:   Sun Mar 13 13:28:15 2016 -0500

    Added makefile

commit c2bcfe9eecc17376bbce4ab6dbcb852f08a129dc
Merge: 5726e12 1ac57a3
Author: Xavier Ramirez <alpha@Xaviers-MacBook-Pro.local>
Date:   Sun Mar 13 12:43:50 2016 -0500

    Handled merge conflicts

commit 5726e12ecc98cea20d592662564da0a57dbab364
Author: Xavier Ramirez <alpha@Xaviers-MacBook-Pro.local>
Date:   Sun Mar 13 12:42:25 2016 -0500

    Added basic hooks for the front-end to make ajax calls on, and updated requirements.txt to include the requests lib [Fixes #28]

commit 1239c7710e8711fbd0e34f992c3bad6dcd3c42ac
Author: Xavier Ramirez <alpha@Xaviers-MacBook-Pro.local>
Date:   Sun Mar 13 12:41:37 2016 -0500

    Added basic hooks for the front-end to make ajax calls on, and updated requirements.txt to include the requests lib [Fixes #28]

commit 1ac57a326d2f87ad8559944c47b173bc31d1b762
Author: Kristine Domingo <kristine@cs.utexas.edu>
Date:   Sun Mar 13 11:55:24 2016 -0500

    Added flask route for about, changed links to routes (vs html pages)

commit 5fef0e8acd8ead172fd9c537f31f6a712e234397
Author: Kristine Domingo <kristine@cs.utexas.edu>
Date:   Sun Mar 13 11:51:23 2016 -0500

    Fixed spacing errors/ugliness

commit dbec81dc9d7a8917ea42e89e668fd2364b69df20
Author: Kristine Domingo <kristine@cs.utexas.edu>
Date:   Sun Mar 13 03:52:10 2016 -0500

    Completed about page w/ dummy info

commit 6a3623c26f03aa619aa065ddd4279f8fb9011175
Author: Kristine Domingo <kristine@cs.utexas.edu>
Date:   Sat Mar 12 22:19:11 2016 -0600

    New logo sorry I know these are kind of annoying

commit fd38cdf4d0a6cbfb3acd10142e92a35dfacbe98c
Author: Kristine Domingo <kristine@cs.utexas.edu>
Date:   Sat Mar 12 22:02:29 2016 -0600

    Created logo for other template page

commit 476db3993ad4405e2432042a2c63a80ae67176c9
Author: Kristine Domingo <kristine@cs.utexas.edu>
Date:   Sat Mar 12 20:54:47 2016 -0600

    Mobile responsiveness is hard (fixed about page)

commit 86d4969934daa47bad1e85585b883dfb8074f307
Author: Kristine Domingo <kristine@cs.utexas.edu>
Date:   Sat Mar 12 18:17:04 2016 -0600

    Added about page

commit ddd5ccfdc3d84c0a662b800a7e5218bb0b42fd52
Author: Kristine Domingo <kristine@cs.utexas.edu>
Date:   Sat Mar 12 17:35:39 2016 -0600

    Compressed concert background imd image

commit bcd0df9bcf9f221e36f0c61e9391829e837d80f7
Author: Kristine Domingo <kristine@cs.utexas.edu>
Date:   Sat Mar 12 17:34:20 2016 -0600

    Added other template

commit becce57c1f9b9569f85e78fb3139f9a543e4455f
Author: kristinead <kristine@cs.utexas.edu>
Date:   Sat Mar 12 15:13:22 2016 -0600

    Sent wrong static file in idb.py

commit 698ffb34cb1b7a2f64d5acbc6cb20e50db709627
Author: Kristine Domingo <kristine@cs.utexas.edu>
Date:   Sat Mar 12 14:05:58 2016 -0600

    Removed DS_Store and added it to gitignore

commit 0def699420fa4788db446ab5a362f622f9e099d3
Author: Kristine Domingo <kristine@cs.utexas.edu>
Date:   Sat Mar 12 14:03:47 2016 -0600

    Moved static folder into app folder

commit 35f351eb718a03617ffdbb82b82929b014ddfdbe
Author: Xavier Ramirez <alpha@Xaviers-MacBook-Pro.local>
Date:   Fri Mar 11 19:29:15 2016 -0600

    Adding file structure associated with carina examples and docker compose files

commit 858f2e04c8d2f68434b1215c7f8be859467a2b6d
Author: Kristine Domingo <kristine@cs.utexas.edu>
Date:   Thu Mar 10 15:23:49 2016 -0600

    Cleanup, started about page

commit 32824704343c98ac69f7c9cd580f7b4a7d43ef94
Author: Kristine Domingo <kristine@cs.utexas.edu>
Date:   Tue Mar 8 21:12:17 2016 -0600

    Changed bg of t2

commit 3c72c14c57df5e8fe835e3f49635106f3d921dbe
Author: Kristine Domingo <kristine@cs.utexas.edu>
Date:   Tue Mar 8 18:18:26 2016 -0600

    Changed font of t2 to cursive

commit 7548ee39e59c83dd4f592b23ab652ff11b701ffa
Author: Kristine Domingo <kristine@cs.utexas.edu>
Date:   Tue Mar 8 15:11:25 2016 -0600

    Fixed bug wrong filename

commit c5e5d50a42239637e82b6abddeb6df664071c00d
Author: Kristine Domingo <kristine@cs.utexas.edu>
Date:   Tue Mar 8 15:05:20 2016 -0600

    Added mini flask app and dummy templates

commit 84d51211bdc62091f8f6ab210370cf407ee2570a
Author: Kristine Domingo <kristine@cs.utexas.edu>
Date:   Tue Mar 8 13:05:34 2016 -0600

    Init (added gitignore)
