commit ed870bc643bb512767a6d6d6e7e0ee3d2935e2ee
Author: Kristine Domingo <kristine@cs.utexas.edu>
Date:   Thu Apr 7 18:33:09 2016 -0500

    Fixed closing curly brace

commit 58cc6823247f4a982fa21e2a0dc474bfc07ff8ed
Merge: 9a60f15 ccf3295
Author: Kristine Domingo <kristine@cs.utexas.edu>
Date:   Thu Apr 7 18:27:55 2016 -0500

    Merge branch 'dev' of github.com:kristinedomingo/cs373-idb into dev

commit 9a60f153a1ea7f0b78d6d510a96369ca4829255f
Author: Kristine Domingo <kristine@cs.utexas.edu>
Date:   Thu Apr 7 18:27:47 2016 -0500

    Added coverage 3

commit ccf32956fc3f43988ca4ba10b4293298d14a90c5
Author: MicahRamirez <xaviermicahramirez@utexas.edu>
Date:   Thu Apr 7 18:21:43 2016 -0500

    fixed followers

commit 55cc213c41728a64a861a07c9bf3c3e3c64dcc62
Author: Kristine Domingo <kristine@cs.utexas.edu>
Date:   Thu Apr 7 18:18:11 2016 -0500

    Updated models.html

commit e2311a6fbd81c1ba20331a4d82c2b2b7e37dc7a8
Merge: 5d40005 aa025e2
Author: Jorge Munoz <jorgmuno@cs.utexas.edu>
Date:   Thu Apr 7 18:06:39 2016 -0500

    Merge branch 'dev' of https://github.com/kristinedomingo/cs373-idb into dev
    merge

commit 5d40005c4a29c6fe8e77602b0accc6ed6f0fe225
Author: Jorge Munoz <jorgmuno@cs.utexas.edu>
Date:   Thu Apr 7 18:06:27 2016 -0500

    change my profile

commit aa025e2396072947670acfd44626c58d0eef4d0b
Merge: 6f935f8 deaa2c1
Author: Kristine Domingo <kristine@cs.utexas.edu>
Date:   Thu Apr 7 18:02:40 2016 -0500

    Merge branch 'dev' of github.com:kristinedomingo/cs373-idb into dev

commit 6f935f897bf2afa1e6817347b8668506a19a12c0
Author: Kristine Domingo <kristine@cs.utexas.edu>
Date:   Thu Apr 7 18:02:32 2016 -0500

    Removed dummy tools used

commit deaa2c13576ed2e3aeeb476af7306c62cddb2e5a
Author: Daniel Abrego <danielabrego@utexas.edu>
Date:   Thu Apr 7 18:02:03 2016 -0500

    updated bio stats

commit c685a75131442fd4176537374c4bf7894cec46c9
Merge: 8ad5324 0ce6b57
Author: Kristine Domingo <kristine@cs.utexas.edu>
Date:   Thu Apr 7 18:00:44 2016 -0500

    Merge branch 'dev' of github.com:kristinedomingo/cs373-idb into dev

commit 8ad532401493303f2d9566c12dd8b6c2d67175a8
Author: Kristine Domingo <kristine@cs.utexas.edu>
Date:   Thu Apr 7 18:00:38 2016 -0500

    Changed info

commit 0ce6b57690e4318612659ad1f14de4267028b643
Author: MicahRamirez <xaviermicahramirez@utexas.edu>
Date:   Thu Apr 7 17:58:23 2016 -0500

    Updated my commits

commit 9c0f85d9203bed7d167df6abfd0cf385eaeb63a2
Merge: 56ee78f fdd8e8a
Author: Daniel Abrego <danielabrego@utexas.edu>
Date:   Thu Apr 7 17:45:41 2016 -0500

    Merge branch 'dev' of https://github.com/kristinedomingo/cs373-idb into dev

commit 56ee78f67cae30cde82b8734f4ee910d2b0faa52
Merge: f6c533b 4d34206
Author: Daniel Abrego <danielabrego@utexas.edu>
Date:   Thu Apr 7 17:45:14 2016 -0500

    Merge branch 'dev' of https://github.com/kristinedomingo/cs373-idb into dev

commit f6c533b74f38e4854fcb669a70cf90bc9b0ad925
Author: Daniel Abrego <danielabrego@utexas.edu>
Date:   Thu Apr 7 17:45:07 2016 -0500

    updated a few comments

commit fdd8e8af9e8fceb3ea5376090f7a9af9d4a77595
Author: Kristine Domingo <kristine@cs.utexas.edu>
Date:   Thu Apr 7 17:45:05 2016 -0500

    Added display of cover art for track details

commit 4d342069450e6049f8f5c471d5fa9c22fd53e9d0
Author: Kristine Domingo <kristine@cs.utexas.edu>
Date:   Thu Apr 7 17:40:59 2016 -0500

    Fixed widget loading for album details

commit 5e0979f47054d516d14cbbbf3d0796f1b82d3b1d
Merge: 8969ed2 cbc8a3d
Author: Jorge Munoz <jorgmuno@cs.utexas.edu>
Date:   Thu Apr 7 17:15:04 2016 -0500

    Merge branch 'dev' of https://github.com/kristinedomingo/cs373-idb into dev
    merge db

commit 8969ed2e1445212f7d40e8836b5bfc081214b918
Author: Jorge Munoz <jorgmuno@cs.utexas.edu>
Date:   Thu Apr 7 17:14:25 2016 -0500

    added the missing tracks

commit cbc8a3d8dc36fa66ee3aa8b2fd8cdf92cfffa187
Author: MicahRamirez <xaviermicahramirez@utexas.edu>
Date:   Thu Apr 7 17:05:11 2016 -0500

    Artist additional details finished

commit f94692b5f76662c721a65d1c9253bf5cfaa5ec28
Author: Daniel Abrego <danielabrego@utexas.edu>
Date:   Thu Apr 7 16:40:03 2016 -0500

    updated artist json to include spotify ids for recent album and top track and a bigger image src

commit 6e6032e3deeee3ff37772b8e682b50485fe41519
Author: Kristine Domingo <kristine@cs.utexas.edu>
Date:   Thu Apr 7 13:59:22 2016 -0500

    Updated scraped files, limiting albums to US market

commit bdc0574f94e65996afefaf1290cf24df03e6b23c
Author: Kristine Domingo <kristine@cs.utexas.edu>
Date:   Thu Apr 7 13:36:32 2016 -0500

    Fixed alignment of details link on Tracks table

commit 2038d5ad6116c6d59de063b2fb1a4324c02aab38
Merge: ce88b7c 3260370
Author: Kristine Domingo <kristine@cs.utexas.edu>
Date:   Thu Apr 7 13:31:16 2016 -0500

    Merge branch 'dev' of github.com:kristinedomingo/cs373-idb into dev

commit ce88b7c63465a25227777167388599c704ffa6d0
Author: Kristine Domingo <kristine@cs.utexas.edu>
Date:   Thu Apr 7 13:31:10 2016 -0500

    Implemented sorting for Artists

commit 3260370982b5586215720ae180d3060096730ed7
Author: Daniel Abrego <dabrego@cs.utexas.edu>
Date:   Thu Apr 7 12:35:39 2016 -0500

    listed sort options so other groups know what they can sort by in Phase 3 if they decide to use the feature

commit a8a586123096f59e36905474f449ad4e48529df8
Author: Daniel Abrego <dabrego@cs.utexas.edu>
Date:   Thu Apr 7 11:30:29 2016 -0500

    updated apiary to reflect new optional parameters for table routes

commit 3cb7ac6b68e236b57042b526442231d8b2cf8589
Author: Daniel Abrego <danielabrego@utexas.edu>
Date:   Thu Apr 7 09:08:08 2016 -0500

    removed duplicate sort by artist_name for album and changed to sort by length which was missing

commit 05e01a340bef59727ded5c1197c441f96d89b9ae
Author: Kristine Domingo <kristine@cs.utexas.edu>
Date:   Thu Apr 7 01:28:56 2016 -0500

    Revert "Added cache busting for angular css"
    
    This reverts commit 20c340ad34d10fab33e5a3568bdb78212e4f7928.

commit 228509dfdba3d534f2f6d27edfe2dfedd16cbdf8
Merge: cc7e77e d43a392
Author: Kristine Domingo <kristine@cs.utexas.edu>
Date:   Thu Apr 7 01:23:18 2016 -0500

    Merge branch 'dev' of github.com:kristinedomingo/cs373-idb into dev

commit cc7e77e936ce6097f39d3608148ceaab4d6030c4
Author: Kristine Domingo <kristine@cs.utexas.edu>
Date:   Thu Apr 7 01:23:08 2016 -0500

    Fixed sorting by album/track duration, close #86

commit d43a3927069a984c011692b9bf4020823d43fe3b
Merge: ca83284 df63411
Author: Jorge Munoz <jorgmuno@cs.utexas.edu>
Date:   Thu Apr 7 01:05:36 2016 -0500

    Merge branch 'dev' of https://github.com/kristinedomingo/cs373-idb into dev
    for db

commit df63411af40e2b37e550a51fd727122ed8e7f659
Merge: 1ef8996 12d218a
Author: Kristine Domingo <kristine@cs.utexas.edu>
Date:   Thu Apr 7 01:05:21 2016 -0500

    Merge branch 'dev' of github.com:kristinedomingo/cs373-idb into dev

commit 1ef8996c5b8c592ea51b5ce93c4ecc888bfa8558
Author: Kristine Domingo <kristine@cs.utexas.edu>
Date:   Thu Apr 7 01:05:14 2016 -0500

    Whoops had an if(false) lol

commit ca8328405633cb3ce0b4c4a37911187f59986dc1
Merge: c392c59 12d218a
Author: Jorge Munoz <jorgmuno@cs.utexas.edu>
Date:   Thu Apr 7 01:05:04 2016 -0500

    Merge branch 'dev' of https://github.com/kristinedomingo/cs373-idb into dev

commit c392c59aa5c1db24f83db3c9e7b1c548bcd80beb
Author: Jorge Munoz <jorgmuno@cs.utexas.edu>
Date:   Thu Apr 7 01:04:39 2016 -0500

    added the missing albums that had than more one artist

commit 12d218a88eb12fa6a8a1d6286bd07a3d9aca8473
Author: Daniel Abrego <danielabrego@utexas.edu>
Date:   Thu Apr 7 00:42:29 2016 -0500

    added optional parameters to all table routes, they take sort and order by options

commit 20c340ad34d10fab33e5a3568bdb78212e4f7928
Author: Kristine Domingo <kristine@cs.utexas.edu>
Date:   Thu Apr 7 00:35:19 2016 -0500

    Added cache busting for angular css

commit 61218de7c9fd16ac930fcf9eba7a63ba2a1c0ac9
Author: Kristine Domingo <kristine@cs.utexas.edu>
Date:   Thu Apr 7 00:26:25 2016 -0500

    Added fixed table column widths for Tracks

commit 8a7ad34560cd33f1a6bffd59326f5308fbe024a6
Author: Kristine Domingo <kristine@cs.utexas.edu>
Date:   Thu Apr 7 00:23:04 2016 -0500

    Fixed table columns for Albums

commit a70bea5493a79dd11bb97be34ca9faf6bb3cf023
Author: Kristine Domingo <kristine@cs.utexas.edu>
Date:   Thu Apr 7 00:09:49 2016 -0500

    Added sorting across all rows for Tracks

commit 20c701ad1fd626d93f19801391ac6876b40561d6
Author: Kristine Domingo <kristine@cs.utexas.edu>
Date:   Thu Apr 7 00:01:06 2016 -0500

    Fixed sorting across all rows for albums

commit c366794b93b8017473191c14befd2c72679bd266
Merge: 4f58a92 2ea5186
Author: Daniel Abrego <danielabrego@utexas.edu>
Date:   Wed Apr 6 20:11:57 2016 -0500

    Merge branch 'dev' of https://github.com/kristinedomingo/cs373-idb into dev

commit 4f58a921db94bb791acb2f56beb371fa02d39416
Author: Daniel Abrego <danielabrego@utexas.edu>
Date:   Wed Apr 6 20:10:28 2016 -0500

    updated apiary documentation to reflect the current API implementation

commit 2ea518697670499677b55271bdb1c341819285fd
Author: Jorge Munoz <jorgmuno@cs.utexas.edu>
Date:   Wed Apr 6 19:40:29 2016 -0500

     added the methods for the apiary add_track and add_data

commit d88c96a549b516356770f878f5c875bcccf8539d
Merge: cd92abe 464008d
Author: Jorge Munoz <jorgmuno@cs.utexas.edu>
Date:   Wed Apr 6 18:15:32 2016 -0500

    Merge branch 'dev' of https://github.com/kristinedomingo/cs373-idb into dev
    for db

commit cd92abe251dec6f70e346da744077fbd56aa5ceb
Author: Jorge Munoz <jorgmuno@cs.utexas.edu>
Date:   Wed Apr 6 18:14:59 2016 -0500

     added the other tracks inside the albums

commit 464008da5570e2cb29a8f826149108a23f2c90ca
Author: Daniel Abrego <danielabrego@utexas.edu>
Date:   Wed Apr 6 17:22:47 2016 -0500

    forgot to add imports

commit c189ddaca9fe54e9203ca25d32a884c9ade2cff4
Author: Daniel Abrego <danielabrego@utexas.edu>
Date:   Wed Apr 6 16:23:55 2016 -0500

    moved helpers to separate file for readability

commit 5e56a356d58d1f15bde46a7cfca9e6bf65c303c3
Author: Daniel Abrego <danielabrego@utexas.edu>
Date:   Wed Apr 6 16:15:33 2016 -0500

    updated DEFAULT_PAGE_SIZE to pull all db items for better sorting on the front end

commit ea6f45ecc6ab4dd5a7af9315e24b6a42bdd4f385
Author: Daniel Abrego <danielabrego@utexas.edu>
Date:   Tue Apr 5 21:52:20 2016 -0500

    updated some points on track creation in db for lazy load

commit 0dbba3017f4b9c3ab909e0af3b5ede6724b86505
Author: Daniel Abrego <danielabrego@utexas.edu>
Date:   Tue Apr 5 17:09:14 2016 -0500

    basic lazy loading for track ids works, does not commit to db yet will test further

commit f11d13317ceed369d5f74158b0e9b19862a31870
Author: Kristine Domingo <kristine@cs.utexas.edu>
Date:   Tue Apr 5 14:44:20 2016 -0500

    Organized directory structure a little

commit ceed2dc0dc652addc562af98545085b9d24c566b
Author: Kristine Domingo <kristine@cs.utexas.edu>
Date:   Tue Apr 5 14:31:56 2016 -0500

    Added UI Bootstrap to tools section

commit 7bf896462370cf0536d4ccf52cdecee2126ba925
Author: Kristine Domingo <kristine@cs.utexas.edu>
Date:   Tue Apr 5 14:25:52 2016 -0500

    Cleaned up/commented controllers.js

commit dc09bccaa7b5dc0ca389fa860798c39cc85907b8
Author: Kristine Domingo <kristine@cs.utexas.edu>
Date:   Tue Apr 5 14:16:44 2016 -0500

    Close #54 (mobile background fix)

commit f852b25bf3541d2373a23627961961a444ac950d
Author: Kristine Domingo <kristine@cs.utexas.edu>
Date:   Tue Apr 5 14:01:57 2016 -0500

    Changed total counts to actual (not hardcoded)

commit a72059d99087a18faeee42511224ef5c42856155
Merge: d2d8747 f4e05ba
Author: Kristine Domingo <kristine@cs.utexas.edu>
Date:   Tue Apr 5 13:57:13 2016 -0500

    Merge branch 'dev' of github.com:kristinedomingo/cs373-idb into dev

commit d2d874789dc598db13470c195d6df514a0439cf7
Author: Kristine Domingo <kristine@cs.utexas.edu>
Date:   Tue Apr 5 13:57:06 2016 -0500

    Added dynamic pagination for Artists

commit f4e05ba9ccee0a74b39db55cd6a1d87fa3a88d23
Merge: fc3e757 0c55b1a
Author: Daniel Abrego <danielabrego@utexas.edu>
Date:   Tue Apr 5 13:54:31 2016 -0500

    Merge branch 'dev' of https://github.com/kristinedomingo/cs373-idb into dev

commit fc3e757466c3ac1d39cce4f01c493fad898c3fae
Author: Daniel Abrego <danielabrego@utexas.edu>
Date:   Tue Apr 5 13:53:30 2016 -0500

    updated to include total_artists, total_albums and total_tracks to help with pagination for the tables

commit 0c55b1a22c393c9b8af56734440d07df655a4201
Author: Kristine Domingo <kristine@cs.utexas.edu>
Date:   Tue Apr 5 13:53:28 2016 -0500

    Added dynamic pagination for Tracks

commit 01853e9e49063c9a7a6983234aa6d6809b01b653
Merge: 7d9dffd f7a8b19
Author: Kristine Domingo <kristine@cs.utexas.edu>
Date:   Tue Apr 5 13:48:27 2016 -0500

    Merge branch 'dev' of github.com:kristinedomingo/cs373-idb into dev

commit 7d9dffd09765c6e036c57b7ddf1b86021a402553
Author: Kristine Domingo <kristine@cs.utexas.edu>
Date:   Tue Apr 5 13:48:20 2016 -0500

    Working dynamic pagination for albums

commit f7a8b198ab0cdb7f34cf2f3618cdb63b658dd85b
Author: Xavier Ramirez <alpha@wireless-10-147-38-99.public.utexas.edu>
Date:   Tue Apr 5 13:23:28 2016 -0500

    updated artist routes, controllers, and static files to conform to the structure of albums and tracks

commit c1f3a01ccf1a7741b1679602f02dfe34893be3d3
Author: Jorge Munoz <jorgmuno@cs.utexas.edu>
Date:   Mon Apr 4 21:53:50 2016 -0500

    fix the split error

commit c72ee433ab739b4e075232ba9d0276705ca122f0
Author: Jorge Munoz <jorgmuno@cs.utexas.edu>
Date:   Mon Apr 4 21:35:22 2016 -0500

    added the other artists to the many to many realtion ship

commit b89b34d1a3b4684c96ef878a58c0c614f164a884
Author: Kristine Domingo <kristine@cs.utexas.edu>
Date:   Mon Apr 4 20:56:01 2016 -0500

    Updated tests w/ new track model

commit 0caea136384566b6933a73b4329f3dc17e9bcdcf
Author: Kristine Domingo <kristine@cs.utexas.edu>
Date:   Mon Apr 4 20:54:26 2016 -0500

    Track details pages working, added array of artists in Track model

commit 7ba7a06a5dd214932329688e731a3a041cc03d06
Author: Kristine Domingo <kristine@cs.utexas.edu>
Date:   Mon Apr 4 20:01:54 2016 -0500

    Details pages for albums working

commit 279e450deb704a1715f3319e2b2964bba5a38c54
Author: Kristine Domingo <kristine@cs.utexas.edu>
Date:   Mon Apr 4 19:20:31 2016 -0500

    Added pagination for tracks

commit ae39d01d538c09dbdb4bb4ce2c5dcab66c206cdc
Author: Kristine Domingo <kristine@cs.utexas.edu>
Date:   Mon Apr 4 18:12:36 2016 -0500

    Fixed tests

commit 2683ed7f4c82e00b850ebdd8fe1b36e0fff9a8ce
Author: Kristine Domingo <kristine@cs.utexas.edu>
Date:   Mon Apr 4 18:05:03 2016 -0500

    Changed to not scrape every time

commit ef31fb4325c051178742b06a04d6b12ee3d48940
Author: Kristine Domingo <kristine@cs.utexas.edu>
Date:   Mon Apr 4 18:00:45 2016 -0500

    Working pagination for albums

commit 358b4be417d40a43a9a25b5d2301632950b7fc39
Merge: 717844d 8ac8c65
Author: Kristine Domingo <kristine@cs.utexas.edu>
Date:   Mon Apr 4 17:57:06 2016 -0500

    Merge branch 'dev' of github.com:kristinedomingo/cs373-idb into dev

commit 717844d535a5441cd79dffe9ae74741eb962de45
Author: Kristine Domingo <kristine@cs.utexas.edu>
Date:   Mon Apr 4 17:56:57 2016 -0500

    Added scraped data files temporarily (scraping takes a long time)

commit 8ac8c65338b8ecf350b1cb6b79266dac4d5390af
Author: Xavier Ramirez <alpha@wireless-10-147-241-135.public.utexas.edu>
Date:   Mon Apr 4 15:02:37 2016 -0500

    Removed the root files and did not copy their old content into the correct files in the app/ directory :)

commit e59d3bda5bb691752c0743c58e3b35b65540cb15
Merge: 2b8381f c7a63a0
Author: Xavier Ramirez <alpha@wireless-10-147-241-135.public.utexas.edu>
Date:   Mon Apr 4 15:00:14 2016 -0500

    Merge branch 'dev' of https://github.com/kristinedomingo/cs373-idb into dev

commit 2b8381f57f5513380419791e582bf4942943da2b
Author: Xavier Ramirez <alpha@wireless-10-147-241-135.public.utexas.edu>
Date:   Mon Apr 4 14:59:36 2016 -0500

    Revert "copied models and tests into app and deleted root files"
    
    This reverts commit bd4873b45cb509dc4e6a62bdcbea210f01a4eadb.

commit c7a63a02c9de772d24805b527792166d3e464182
Author: Kristine Domingo <kristine@cs.utexas.edu>
Date:   Mon Apr 4 14:43:46 2016 -0500

    Fixed make check

commit e0c739d480bc76de39e271952d894a3b44aab2d1
Author: Kristine Domingo <kristine@cs.utexas.edu>
Date:   Mon Apr 4 14:40:52 2016 -0500

    Added flask testing to travis build file

commit d5076ab08b219733606fe121c89b1113e76ae8f2
Author: Kristine Domingo <kristine@cs.utexas.edu>
Date:   Mon Apr 4 14:38:51 2016 -0500

    Added make test to travis build file

commit bd4873b45cb509dc4e6a62bdcbea210f01a4eadb
Author: Xavier Ramirez <alpha@wireless-10-147-241-135.public.utexas.edu>
Date:   Mon Apr 4 14:27:49 2016 -0500

    copied models and tests into app and deleted root files

commit dce53c01a2952cc7ce40d814f5f6bba942ff7fb6
Author: Daniel Abrego <danielabrego@utexas.edu>
Date:   Sat Apr 2 18:49:36 2016 -0500

    fixes #77, tracks were incorrectly added to artists list for returning album json

commit c5e4272d009d4d6df0cd0acfa6ab98b46c203965
Author: Daniel Abrego <danielabrego@utexas.edu>
Date:   Sat Apr 2 18:14:57 2016 -0500

    cleaned up code and unnecessary/wrong comments

commit b98e52f7b4d16632aec1f24a84a1f444b285b912
Author: Daniel Abrego <danielabrego@utexas.edu>
Date:   Sat Apr 2 18:12:32 2016 -0500

    moved formatting to separate function and added artists and tracks in album lookup to the album json formatting

commit 958d8a58e74cb8503058dee93154cc22268b8d90
Author: Jorge Munoz <jorgmuno@cs.utexas.edu>
Date:   Sat Apr 2 16:23:53 2016 -0500

    added href to Albums

commit a3cf8dd5fcdd7556b6ba8402476c84aaa2325286
Author: Daniel Abrego <danielabrego@utexas.edu>
Date:   Sat Apr 2 15:41:34 2016 -0500

    added img link in albums and artists as well

commit 7adbb781b3fecf0777871ca6b17205ee2ef944d8
Author: Daniel Abrego <danielabrego@utexas.edu>
Date:   Sat Apr 2 15:37:33 2016 -0500

    updated artist return format to include img key

commit 72936ca2fc9a4deb6738475b169c273bb5102e8b
Merge: eced81a 22cff36
Author: Jorge Munoz <jorgmuno@cs.utexas.edu>
Date:   Sat Apr 2 15:35:59 2016 -0500

    Merge branch 'dev' of https://github.com/kristinedomingo/cs373-idb into dev
    merge db

commit eced81a50ee806cf8f883ed4752788ab7f4d03f1
Author: Jorge Munoz <jorgmuno@cs.utexas.edu>
Date:   Sat Apr 2 15:35:35 2016 -0500

    Added the many to many realtionships and one to many realtionship to the table

commit 22cff361cd1b333f5b14400d1c5372f22e430d46
Author: Daniel Abrego <danielabrego@utexas.edu>
Date:   Sat Apr 2 13:43:34 2016 -0500

    restructured logic for artists?ids lookup, which works now if id is in db but I still need to get spotify lookup working

commit 3b1bfd2b43d6df4770222ba1b5188f47f2be96ad
Author: Daniel Abrego <danielabrego@utexas.edu>
Date:   Sat Apr 2 13:27:20 2016 -0500

    simple route for artists?ids=<list> works but only for artists and need to add funct for pulling from spotify if we dont have it

commit 511f61e9a1dbf6bf40812e610350077a0418adbf
Merge: 82904d3 e565a16
Author: Daniel Abrego <danielabrego@utexas.edu>
Date:   Sat Apr 2 13:20:14 2016 -0500

    Merge branch 'dev' of https://github.com/kristinedomingo/cs373-idb into dev

commit e565a16f56cded61108fcbb167023ee0665614c2
Author: Jorge Munoz <jorgmuno@cs.utexas.edu>
Date:   Sat Apr 2 13:15:40 2016 -0500

    fixed the test errors

commit 82904d3f9b50748ebaa7c69ae21c4b73020aecbd
Author: Daniel Abrego <danielabrego@utexas.edu>
Date:   Sat Apr 2 13:03:01 2016 -0500

    updated the routes that generate the tables for artists, albums and tracks and tested against the new data model

commit d912730be64cd6a946e97a3eef0b4e2aecc89eab
Author: Jorge Munoz <jorgmuno@cs.utexas.edu>
Date:   Sat Apr 2 12:47:24 2016 -0500

    took away json file added scraper into app to do it directly

commit 52c6a77bd97b959f8acc801e115304bd3e796f6c
Merge: 3d7f392 421a41c
Author: Jorge Munoz <jorgmuno@cs.utexas.edu>
Date:   Sat Apr 2 11:45:53 2016 -0500

    Merge branch 'dev' of https://github.com/kristinedomingo/cs373-idb into dev
    for db

commit 3d7f392caab7cbf62eb5e1993a00b47ec03ea423
Author: Jorge Munoz <jorgmuno@cs.utexas.edu>
Date:   Sat Apr 2 11:45:26 2016 -0500

    change artist model and initializing the databse. added the json into app for now

commit 421a41c407cf7dbbe326d33266c11a2bf7015b5c
Author: Xavier Ramirez <alpha@Xaviers-MacBook-Pro.local>
Date:   Sat Apr 2 11:06:52 2016 -0500

    Changed the imports based on the refactor

commit 64e64affd1267445c936c9565858859fb62f6ee0
Author: Xavier Ramirez <alpha@Xaviers-MacBook-Pro.local>
Date:   Sat Apr 2 10:54:44 2016 -0500

    Moved a copy of tests.py into app and changed the run test subprocess command to python3 tests.py

commit 434789171460632d4180f297f7132df4a3b96f0c
Author: Xavier Ramirez <alpha@Xaviers-MacBook-Pro.local>
Date:   Sat Apr 2 10:32:22 2016 -0500

    testing a makefile for app to see if different behavior on cluster

commit c31c764649abb89758dd3c9d6feed82893483b60
Author: Xavier Ramirez <alpha@Xaviers-MacBook-Pro.local>
Date:   Fri Apr 1 18:32:15 2016 -0500

    added FlaskTesting at a version that is supported by py3

commit b0a142a53fcfb6b4d720b70e242bf96f23aa0489
Author: Xavier Ramirez <alpha@Xaviers-MacBook-Pro.local>
Date:   Fri Apr 1 18:20:39 2016 -0500

    adding reqs and modified makefile comment

commit a2d1abeac4b322e5a273e584e2bda79128eddd0d
Author: Xavier Ramirez <alpha@Xaviers-MacBook-Pro.local>
Date:   Fri Apr 1 16:57:08 2016 -0500

    Added makefile command for db proxy creation

commit 873cf5150a40d4f6524d0904e1c10a7909f51ccd
Merge: 4002122 a3580ba
Author: Jorge Munoz <jorgmuno@cs.utexas.edu>
Date:   Fri Apr 1 13:56:22 2016 -0500

    Merge branch 'dev' of https://github.com/kristinedomingo/cs373-idb into dev

commit 4002122c6bae61bae1c671b1e118c4a3f4753db3
Author: Jorge Munoz <jorgmuno@cs.utexas.edu>
Date:   Fri Apr 1 13:55:00 2016 -0500

    modify tracks and album models and added func to add to database

commit a3580ba3b4289e43faf2a66e3f9fcaf5a3354373
Author: Kristine Domingo <kristine@cs.utexas.edu>
Date:   Fri Apr 1 12:38:54 2016 -0500

    Added scraped data

commit 70f4f6af37f73db1efd45057e498d3c32f11243d
Merge: 09dc68b a176133
Author: Kristine Domingo <kristine@cs.utexas.edu>
Date:   Fri Apr 1 11:55:49 2016 -0500

    Merge branch 'dev' of github.com:kristinedomingo/cs373-idb into dev

commit 09dc68bb294fdec032a9dc7acc9a5201c0c43cb3
Author: Kristine Domingo <kristine@cs.utexas.edu>
Date:   Fri Apr 1 11:44:33 2016 -0500

    Added env attribute to app in a docker .yml file

commit a176133b33e61ecc5ce61ce3cf4e347c319a6ea7
Author: Daniel Abrego <danielabrego@utexas.edu>
Date:   Fri Apr 1 00:44:37 2016 -0500

    made the code a little more readable and added a few comments

commit e76a4165933ecee32910b651ceeed73e278430d0
Author: Daniel Abrego <danielabrego@utexas.edu>
Date:   Fri Apr 1 00:14:41 2016 -0500

    updated routes that return tables to call db, still need to get the formatting down

commit 24b15a585b0b4122cb51184dee8eca5aa759a717
Author: Kristine Domingo <kristine@cs.utexas.edu>
Date:   Thu Mar 31 15:44:32 2016 -0500

    Fixed tests, they run again

commit 9791de6ea0c7c1ec8f269153f3466dd56b20ed77
Author: Kristine Domingo <kristine@cs.utexas.edu>
Date:   Thu Mar 31 12:54:36 2016 -0500

    Put back cache sry

commit 44151acd1a97da0dc3fe8f7b996507c86f814a6f
Author: Kristine Domingo <kristine@cs.utexas.edu>
Date:   Thu Mar 31 12:46:33 2016 -0500

    Movedd files in dbi to app folder

commit 7c34141f99abfc21f4f3bdcab5e5f61abbbcd820
Author: Jorge Munoz <jorgmuno@cs.utexas.edu>
Date:   Wed Mar 30 17:21:53 2016 -0500

    added the cache for my spotify key

commit 5d9cd7be1c2f8ef71e6926c69f2675ac067d833e
Merge: f04ddba 38b3ac9
Author: Jorge Munoz <jorgmuno@cs.utexas.edu>
Date:   Wed Mar 30 17:15:33 2016 -0500

    Merge branch 'dev' of https://github.com/kristinedomingo/cs373-idb into dev
    because we need it for the database

commit f04ddbaf26896324e87a5bd7a6e29a7d7f27f4bd
Author: Jorge Munoz <jorgmuno@cs.utexas.edu>
Date:   Wed Mar 30 17:14:56 2016 -0500

    implemented the db run locally if you have mysql

commit 38b3ac93ae1ca374e1e6213423bdb64433ebdbac
Author: Kristine Domingo <kristine@cs.utexas.edu>
Date:   Wed Mar 30 00:03:20 2016 -0500

    Close #65 (run tests on about page)

commit 8ac5ac879c9f5709f06eac1cd509f9aecb0b1172
Merge: cdfc1a1 4246128
Author: Kristine Domingo <kristine@cs.utexas.edu>
Date:   Tue Mar 29 23:24:31 2016 -0500

    Merge branch 'dev' of github.com:kristinedomingo/cs373-idb into dev

commit cdfc1a12f04634da5f3c60745319c352ea211ef5
Author: Kristine Domingo <kristine@cs.utexas.edu>
Date:   Tue Mar 29 23:24:24 2016 -0500

    Fixed tests.py, all tests pass

commit 4246128b9f230c284886bc46d624d3357cd5bebc
Author: Xavier Ramirez <alpha@Xaviers-MacBook-Pro.local>
Date:   Tue Mar 29 23:08:38 2016 -0500

    removed db/ from gitignore and removed env var file creation in makefile

commit b5410bc42b8503ebae4dc947aa4957df6e9e8103
Merge: 4a428a3 8884c02
Author: Kristine Domingo <kristine@cs.utexas.edu>
Date:   Tue Mar 29 22:20:18 2016 -0500

    Merge branch 'master' into dev

commit 4a428a318b5eb7af91e50e4ff03ec0eae92aa288
Merge: 9151325 37ef964
Author: Kristine Domingo <kristine@cs.utexas.edu>
Date:   Tue Mar 29 22:19:21 2016 -0500

    Merge branch 'dev' of github.com:kristinedomingo/cs373-idb into dev

commit 91513253faca493c3d9e146ecdc71b0d216a14f3
Author: Kristine Domingo <kristine@cs.utexas.edu>
Date:   Tue Mar 29 22:19:17 2016 -0500

    Added scraper

commit 37ef9648af378b410ba7815f6cfcc4fae7647bf7
Author: Jorge Munoz <jorgmuno@cs.utexas.edu>
Date:   Tue Mar 29 21:31:48 2016 -0500

    added some examples for the database. looks messy needs a real good clean up

commit d2e4b2aa3944ba4ebb9f9459930655da22e20816
Author: Xavier Ramirez <alpha@Xaviers-MacBook-Pro.local>
Date:   Tue Mar 29 20:28:16 2016 -0500

    Removed env var creation from makefile since already there, fixed small bug and added runserver command with appropriate vars

commit ed5075d399e9c4caed1006534b7e104b93360490
Merge: 191f01c 4680a21
Author: Xavier Ramirez <alpha@Xaviers-MacBook-Pro.local>
Date:   Tue Mar 29 20:06:08 2016 -0500

    Merge branch 'dev' of https://github.com/kristinedomingo/cs373-idb into dev

commit 191f01c560f7729fb1fc98467e8dc8faaca00753
Author: Xavier Ramirez <alpha@Xaviers-MacBook-Pro.local>
Date:   Tue Mar 29 20:05:53 2016 -0500

    Updated docker files, added Manager to create dbs on start up, and modified makefile to build the db image and a new makefile command that sets the env... This can be removed

commit 4680a21f097066af5c60e22585c352a528febe9e
Author: Daniel Abrego <danielabrego@utexas.edu>
Date:   Tue Mar 29 18:51:57 2016 -0500

    added some mock api routes that can take a page number and optional page size for artists, albums and tracks

commit 5a16b9fffd973db1c002a6db70cc40e5f9f26e89
Author: Daniel Abrego <danielabrego@utexas.edu>
Date:   Tue Mar 29 18:10:41 2016 -0500

    reinserted static url path that was accidentally removed

commit 3ac718190cb7995a5e3743dd0d21d2dd4ef3a722
Merge: ca173ef 6611807
Author: Jorge Munoz <jorgmuno@cs.utexas.edu>
Date:   Mon Mar 28 18:25:59 2016 -0500

    Merge branch 'dev' of https://github.com/kristinedomingo/cs373-idb into dev
    Combine to make database work

commit ca173efaa376d9cf4b3998e86ebe909a34eddfb9
Author: Jorge Munoz <jorgmuno@cs.utexas.edu>
Date:   Mon Mar 28 18:25:20 2016 -0500

    create a database on my computer next step is collect data and put it inside the server to see how it works

commit 661180705b52e9fe75fce0a250b8144f86175967
Author: Kristine Domingo <kristine@cs.utexas.edu>
Date:   Mon Mar 28 17:01:05 2016 -0500

    Added front-end side of running unit tests on About page

commit e60271304016eb2929aaeafa437b51c9cfee6088
Author: Jorge Munoz <jorgmuno@cs.utexas.edu>
Date:   Mon Mar 28 15:35:34 2016 -0500

    added sample for starting database need to switch to mysql.

commit 8884c02a643484fbb949cef2b4b9c465000aac6b
Author: Kristine Domingo <kristine@cs.utexas.edu>
Date:   Thu Mar 24 20:16:14 2016 -0500

    Updated log

commit ae96e3e7fdd2767c4a39f78eefc744b6a6b0801c
Merge: 0799c93 38b8176
Author: Xavier Ramirez <alpha@wireless-10-147-125-187.public.utexas.edu>
Date:   Thu Mar 24 19:58:13 2016 -0500

    Merge branch 'dev'
    big merge

commit 38b8176c48622ee8ad085e712f11cd23f1bdec90
Author: Xavier Ramirez <alpha@wireless-10-147-125-187.public.utexas.edu>
Date:   Thu Mar 24 19:57:43 2016 -0500

    added log

commit fad3743fb370551c20ece77b7c7aa23206cca21b
Author: Jorge Munoz <jorgmuno@cs.utexas.edu>
Date:   Thu Mar 24 19:54:34 2016 -0500

    Added Ragan Behrens bio and pic

commit b8bafec32bd5351bdce372f6498618ced8c8cc4c
Merge: ea6e147 42d5a16
Author: Kristine Domingo <kristine@cs.utexas.edu>
Date:   Thu Mar 24 19:48:27 2016 -0500

    Merge branch 'dev' of github.com:kristinedomingo/cs373-idb into dev

commit ea6e1475a5498d1fe009b709d00bafa9eb8c754a
Author: Kristine Domingo <kristine@cs.utexas.edu>
Date:   Thu Mar 24 19:48:19 2016 -0500

    Added models.html

commit 42d5a16cdd584be82667014a3262aa37b1ba7745
Author: Daniel Abrego <danielabrego@utexas.edu>
Date:   Thu Mar 24 19:32:50 2016 -0500

    updated my information

commit 0799c933d3f8941d55de39b50b9e42fbefdc1c32
Merge: 5d5d2c3 6f88a40
Author: Kristine Domingo <kristine@cs.utexas.edu>
Date:   Thu Mar 24 19:31:19 2016 -0500

    Merge branch 'master' of github.com:kristinedomingo/cs373-idb

commit 5d5d2c30c4276ba8da4f75602ddb9f8bb8f5d301
Author: Kristine Domingo <kristine@cs.utexas.edu>
Date:   Thu Mar 24 19:27:24 2016 -0500

    Fixe img link

commit 342f032aec25f254d517fb33d45ad6c3f7f6a2a0
Merge: db7b903 59f5781
Author: Kristine Domingo <kristine@cs.utexas.edu>
Date:   Thu Mar 24 19:26:37 2016 -0500

    Fixed merge

commit db7b903ed7cb13cfe4b6c62afbd312959b346123
Author: Kristine Domingo <kristine@cs.utexas.edu>
Date:   Thu Mar 24 19:25:48 2016 -0500

    Added bio

commit 59f578168e034315b0ef8e2a9209e793e0a758be
Merge: 4aab08c 20d66fc
Author: Jorge Munoz <jorgmuno@cs.utexas.edu>
Date:   Thu Mar 24 19:21:37 2016 -0500

    Merge branch 'dev' of https://github.com/kristinedomingo/cs373-idb into dev
    Merging to make the branch clean

commit 4aab08cdf6c65a97647145a668d590e8b0a93020
Author: Jorge Munoz <jorgmuno@cs.utexas.edu>
Date:   Thu Mar 24 19:21:05 2016 -0500

    added pictures and bio

commit 20d66fce1eda7b756e9bbd73b87cb570e9b4f95e
Author: Daniel Abrego <danielabrego@utexas.edu>
Date:   Thu Mar 24 19:12:19 2016 -0500

    added bio information and linked image

commit 7908fdc1c3247db453401dfbf3fa215b3822e20d
Merge: 09d01ac ebd26fa
Author: Daniel Abrego <danielabrego@utexas.edu>
Date:   Thu Mar 24 18:41:28 2016 -0500

    Merge branch 'dev' of https://github.com/kristinedomingo/cs373-idb into dev

commit 09d01acaa89868970c8b85a2ab52951f025d997d
Author: Daniel Abrego <danielabrego@utexas.edu>
Date:   Thu Mar 24 18:40:47 2016 -0500

    added headshot

commit ebd26fadc68e31e457f116f53e5c79ca619a70d9
Merge: 5a075fd b46b28e
Author: Jorge Munoz <jorgmuno@cs.utexas.edu>
Date:   Thu Mar 24 18:36:22 2016 -0500

    Merge branch 'dev' of https://github.com/kristinedomingo/cs373-idb into dev
    Because mergin is fun and needed

commit b46b28ef4eac26e2389ccb49f141ffe29b45e6d8
Author: Xavier Ramirez <alpha@wireless-10-147-125-187.public.utexas.edu>
Date:   Thu Mar 24 18:34:59 2016 -0500

    Added current count for issues

commit 5a075fd67a5de2f5d857b88c3bccf84170d82ae7
Author: Jorge Munoz <jorgmuno@cs.utexas.edu>
Date:   Thu Mar 24 18:34:23 2016 -0500

    Change the UML to make it look better. this closes # 4, this closes #10,closes #11, closes #12

commit 50644e819be5a2497004a4618b6c14cd279acb71
Merge: 2347448 aba710f
Author: Daniel Abrego <danielabrego@utexas.edu>
Date:   Thu Mar 24 18:31:16 2016 -0500

    Merge branch 'dev' of https://github.com/kristinedomingo/cs373-idb into dev

commit aba710f059151788cf7b9101bd5e463620607ee2
Author: Xavier Ramirez <alpha@wireless-10-147-125-187.public.utexas.edu>
Date:   Thu Mar 24 18:27:45 2016 -0500

    changed link to image to jpg rather than png

commit 03a6825a219a31fd363e12b9332c41fac67f08be
Merge: 8c45454 9ee55d2
Author: Xavier Ramirez <alpha@wireless-10-147-125-187.public.utexas.edu>
Date:   Thu Mar 24 18:21:18 2016 -0500

    Merge branch 'dev' of https://github.com/kristinedomingo/cs373-idb into dev

commit 8c45454988164e661426336410dc6290ed0066ee
Author: Xavier Ramirez <alpha@wireless-10-147-125-187.public.utexas.edu>
Date:   Thu Mar 24 18:21:06 2016 -0500

    my bio heh

commit 234744888e4b39ba5272b1d3871352c4f8ca85da
Author: Daniel Abrego <danielabrego@utexas.edu>
Date:   Thu Mar 24 18:17:32 2016 -0500

    added comments

commit 9ee55d26c424e69f350e196bfc4ac3c80f397fd5
Author: Jorge Munoz <jorgmuno@cs.utexas.edu>
Date:   Thu Mar 24 18:09:16 2016 -0500

    finshed updating the models should look clean.

commit 7c1cc2ce9c1732d8f61d1bf9f7b63ed768dc32d1
Author: Daniel Abrego <danielabrego@utexas.edu>
Date:   Thu Mar 24 18:06:51 2016 -0500

    updated expected json models for albums and tracks

commit 33704542ac7447de66dc551d7ecce157e06e0920
Merge: 57ad137 5f4526d
Author: Kristine Domingo <kristine@cs.utexas.edu>
Date:   Thu Mar 24 17:58:30 2016 -0500

    Merge branch 'dev' of github.com:kristinedomingo/cs373-idb into dev

commit 57ad137eb9bca83a8bcc24c60ae62ce603e49721
Author: Kristine Domingo <kristine@cs.utexas.edu>
Date:   Thu Mar 24 17:58:23 2016 -0500

    Added img property to members JSON

commit 5f4526db98b12cbe33ab167bac6d708011ea4393
Author: Daniel Abrego <danielabrego@utexas.edu>
Date:   Thu Mar 24 17:52:52 2016 -0500

    updated artists to more match data model

commit 416a962961b35054707c5f8b93e3881ac1b0388b
Merge: 36d870c b89de2b
Author: Daniel Abrego <danielabrego@utexas.edu>
Date:   Thu Mar 24 17:38:15 2016 -0500

    Merge branch 'dev' of https://github.com/kristinedomingo/cs373-idb into dev

commit 36d870c8d4ae7819aa8b34d8d28c94ef7647d154
Author: Daniel Abrego <danielabrego@utexas.edu>
Date:   Thu Mar 24 17:37:35 2016 -0500

    fixed the name

commit d5bc130c0d4c1005ab996b8d1689df499d8beda7
Author: Daniel Abrego <danielabrego@utexas.edu>
Date:   Thu Mar 24 17:37:02 2016 -0500

    renamed to tests.py and added ids and uris to test models

commit b89de2b99978be2f48c2a91f90b312b35e5a202b
Author: Kristine Domingo <kristine@cs.utexas.edu>
Date:   Thu Mar 24 17:35:30 2016 -0500

    Removed unecessary reloading of table data

commit be4ed1c4d87dcb3b43a3dd07b3072587afdae4fa
Author: Kristine Domingo <kristine@cs.utexas.edu>
Date:   Thu Mar 24 17:21:16 2016 -0500

    Added make check to travis

commit 6f88a4065e7c27cb1e35d8998d839759c75aa67f
Author: Daniel Abrego <danielabrego@utexas.edu>
Date:   Thu Mar 24 17:12:52 2016 -0500

    added missing break line

commit 3ca30ba40b0ab6aa93ef9c75ccf5215b53f7956c
Merge: abcfa36 ab2a1a2
Author: Kristine Domingo <kristine@cs.utexas.edu>
Date:   Thu Mar 24 17:09:33 2016 -0500

    Merge branch 'master' into dev

commit ab2a1a2eebd6aa3f85798bdc52d4b5840db3e8fd
Merge: 07f472c 42090ca
Author: Kristine Domingo <kristine@cs.utexas.edu>
Date:   Thu Mar 24 17:09:11 2016 -0500

    Merge branch 'master' of github.com:kristinedomingo/cs373-idb

commit 07f472cb477a89d6cfcfd10554a54eb54539bae5
Author: Kristine Domingo <kristine@cs.utexas.edu>
Date:   Thu Mar 24 17:08:56 2016 -0500

    Added group name to About page

commit 42090caff47ae049db2daabf30f730befd10ad82
Author: Daniel Abrego <danielabrego@utexas.edu>
Date:   Thu Mar 24 17:07:33 2016 -0500

    updated URIs for albums and tracks and added ids

commit e70d8564091e4a4566da5b412079ec7515309efb
Merge: f442d53 b0bf9ec
Author: Kristine Domingo <kristine@cs.utexas.edu>
Date:   Thu Mar 24 16:46:04 2016 -0500

    Merge branch 'dev'

commit abcfa36177e6ad7d9029a0cfa882d56250b594f9
Author: Daniel Abrego <danielabrego@utexas.edu>
Date:   Thu Mar 24 16:44:37 2016 -0500

    added stub routes based on the API documentation for going forward

commit b0bf9eceb22077238104e433a49f30a3243c748e
Author: Kristine Domingo <kristine@cs.utexas.edu>
Date:   Thu Mar 24 16:42:53 2016 -0500

    Added details links to tables, close #56

commit d5678d72acbfc89ffa583fc699f3efadd8f99ef4
Merge: d158092 811c371
Author: Kristine Domingo <kristine@cs.utexas.edu>
Date:   Thu Mar 24 15:52:57 2016 -0500

    Merge branch 'dev' of github.com:kristinedomingo/cs373-idb into dev

commit d15809262707cfe0a6d1ea3216e56582ef73d4f4
Author: Kristine Domingo <kristine@cs.utexas.edu>
Date:   Thu Mar 24 15:52:47 2016 -0500

    Loaded all three tables at homepage (for now)

commit 811c371df3fa2cbc71047e2d4649dbb8dfc016e1
Author: Jorge Munoz <jorgmuno@cs.utexas.edu>
Date:   Thu Mar 24 15:45:11 2016 -0500

    added the last test module for tracks

commit b7843ba0b07310dde825d297b73c0828fbf388ee
Author: Kristine Domingo <kristine@cs.utexas.edu>
Date:   Thu Mar 24 15:43:40 2016 -0500

    Revert "Close #52 (missing data issue)"
    
    This reverts commit 86856727e1f111d60d925414e89cea4f0a96f51f.

commit fe591389d7570e7c264a06978a6f7f8875cd22e3
Author: Kristine Domingo <kristine@cs.utexas.edu>
Date:   Thu Mar 24 15:43:02 2016 -0500

    Revert "Revert "Filled in about information""
    
    This reverts commit 2d072b558e834bca63407b46798516b57a2f6baf.

commit 2d072b558e834bca63407b46798516b57a2f6baf
Author: Kristine Domingo <kristine@cs.utexas.edu>
Date:   Thu Mar 24 15:41:04 2016 -0500

    Revert "Filled in about information"
    
    This reverts commit ef1e56fa7046aabe5c85d8ca9ab39603437c8e18.

commit 86856727e1f111d60d925414e89cea4f0a96f51f
Author: Kristine Domingo <kristine@cs.utexas.edu>
Date:   Thu Mar 24 14:52:13 2016 -0500

    Close #52 (missing data issue)

commit ef1e56fa7046aabe5c85d8ca9ab39603437c8e18
Author: Kristine Domingo <kristine@cs.utexas.edu>
Date:   Thu Mar 24 14:37:24 2016 -0500

    Filled in about information

commit 24939f49ceea993540088fa8877b856e539553f0
Author: Jorge Munoz <jorgmuno@cs.utexas.edu>
Date:   Wed Mar 23 17:43:04 2016 -0500

    modified test.py. Added the unit test for albums

commit 19f9f3f77c8093e7279c8fc9b2081b1be8b5cbd3
Author: Xavier Ramirez <alpha@wireless-10-147-219-140.public.utexas.edu>
Date:   Wed Mar 23 17:36:22 2016 -0500

    Added styling to artists and altered html to fit bootstrap grid sys

commit 3a05a3d532dedcc1f42f5d751dbb6100ee8866aa
Merge: 9d5e0f0 e9e4d65
Author: Kristine Domingo <kristine@cs.utexas.edu>
Date:   Wed Mar 23 16:52:47 2016 -0500

    Merge branch 'dev' of github.com:kristinedomingo/cs373-idb into dev

commit 9d5e0f0bc026c826b11fff809b3ffd7565807398
Author: Kristine Domingo <kristine@cs.utexas.edu>
Date:   Wed Mar 23 16:52:38 2016 -0500

    Fixed image sizing on albums/tracks details pages

commit e9e4d65a93724b6de65a538c865be40b407771c7
Author: Jorge Munoz <jorgmuno@cs.utexas.edu>
Date:   Wed Mar 23 16:43:37 2016 -0500

    added test.py. And added test for the model

commit 289a7cb81d1a8b40693930871e342472a4f74832
Author: Kristine Domingo <kristine@cs.utexas.edu>
Date:   Wed Mar 23 16:38:42 2016 -0500

    Removed pymysql from travis build file

commit f442d53062a38ff57ae03bd15d28b71d6ae62e6a
Merge: f7d2f64 50c1322
Author: Kristine Domingo <kristine@cs.utexas.edu>
Date:   Wed Mar 23 16:35:48 2016 -0500

    Merge branch 'master' of github.com:kristinedomingo/cs373-idb

commit f7d2f64e0010ba8ce7ea524a187cba7fe02462bd
Author: Kristine Domingo <kristine@cs.utexas.edu>
Date:   Wed Mar 23 16:33:57 2016 -0500

    Added Spotify widget to Album details

commit 50c1322498e09a13db1e2146eaaebf5cea0337ca
Author: Kristine Domingo <kristineadomingo@gmail.com>
Date:   Wed Mar 23 16:17:51 2016 -0500

    Fixed missing comma

commit 21e1c4df0cc1e4ba6ab782a2b0365a3eae37dda7
Author: Kristine Domingo <kristineadomingo@gmail.com>
Date:   Wed Mar 23 16:16:47 2016 -0500

    Transferring API Description file from Apiary.io

commit 0ef3cbd5314b5a8558a1514ad8abf06285d900a4
Author: Kristine Domingo <kristineadomingo@gmail.com>
Date:   Wed Mar 23 16:15:59 2016 -0500

    Transferring API Description file from Apiary.io

commit 4433771fc85388da38752d8349d4d10139a836c6
Author: Kristine Domingo <kristine@cs.utexas.edu>
Date:   Wed Mar 23 00:19:44 2016 -0500

    Updated makefile

commit ab7bbad1191be9cbc191483f62b4e7916fb7a8ae
Author: Kristine Domingo <kristine@cs.utexas.edu>
Date:   Wed Mar 23 00:09:39 2016 -0500

    Added links to details on track table

commit c18029cfeebbad2cbc49858f68b310f4598b087a
Author: Kristine Domingo <kristine@cs.utexas.edu>
Date:   Wed Mar 23 00:06:27 2016 -0500

    Added spotify widget to track details

commit d0a8e346c64c41590d2c89fc98d269e26bf1c272
Merge: d3ae51a bdd0309
Author: Kristine Domingo <kristine@cs.utexas.edu>
Date:   Tue Mar 22 19:20:34 2016 -0500

    Merge branch 'dev' of github.com:kristinedomingo/cs373-idb into dev

commit d3ae51a1ad594f324cd176aea33e787a49fa7884
Author: Kristine Domingo <kristine@cs.utexas.edu>
Date:   Tue Mar 22 19:20:30 2016 -0500

    Began mp3 widget service

commit bdd03098964b203ad122a8dcc641f8341e1b7926
Author: Xavier Ramirez <alpha@wireless-10-147-76-60.public.utexas.edu>
Date:   Tue Mar 22 19:14:54 2016 -0500

    anchor items in the artist details page, and made the color of the anchor purple

commit 47cedcbc1be34d001647888d32047b3c52b6ef8d
Author: Jorge Munoz <jorgmuno@cs.utexas.edu>
Date:   Tue Mar 22 18:50:46 2016 -0500

    fix the models.py and added the one to many relationship.

commit 908ed53bbcc99cc5ec4cfe37e057b09aedfccc25
Author: Kristine Domingo <kristine@cs.utexas.edu>
Date:   Tue Mar 22 18:43:49 2016 -0500

    Fixed tracks, removed 6th member space

commit 39aa46b56946f3c088dadccd204982c4dcfd10e1
Merge: 847151a 0307b4f
Author: Xavier Ramirez <alpha@wireless-10-147-76-60.public.utexas.edu>
Date:   Tue Mar 22 18:21:59 2016 -0500

    Merge branch 'dev' of https://github.com/kristinedomingo/cs373-idb into dev

commit 847151ad675474e6ff99c46b67ff1fd48294f21e
Author: Xavier Ramirez <alpha@wireless-10-147-76-60.public.utexas.edu>
Date:   Tue Mar 22 18:21:52 2016 -0500

    Changed the data being pulled from the api to items that were listed in Artist so that we can do cross site linking. Also fixed small bug in TrackCtrl

commit 0307b4f3f985bf536722cc5856b58156788affe0
Author: Jorge Munoz <jorgmuno@cs.utexas.edu>
Date:   Tue Mar 22 18:15:31 2016 -0500

    Uml file updated. Still need to check if everything is correct

commit 08e498cf45fe5578e28876e5dfadfbe53010568c
Merge: 24863a3 9f6fbef
Author: Jorge Munoz <jorgmuno@cs.utexas.edu>
Date:   Tue Mar 22 17:25:57 2016 -0500

    Merge branch 'dev' of https://github.com/kristinedomingo/cs373-idb into dev
    Because I forgot to pull first ooops

commit 24863a383719d8bbf37307cedf1b1512568163dc
Author: Jorge Munoz <jorgmuno@cs.utexas.edu>
Date:   Tue Mar 22 17:25:42 2016 -0500

    added uml looks dirty will try to make it look better. Add some writing

commit 9f6fbef0ed0949f76e8b2485741a7cdcd10d0fdc
Merge: 32af7f2 83639fd
Author: Xavier Ramirez <alpha@wireless-10-147-76-60.public.utexas.edu>
Date:   Tue Mar 22 17:23:25 2016 -0500

    Merge branch 'dev' of https://github.com/kristinedomingo/cs373-idb into dev

commit 32af7f214da0723d8c18e094a52077c3bb97cca5
Author: Xavier Ramirez <alpha@wireless-10-147-76-60.public.utexas.edu>
Date:   Tue Mar 22 17:23:11 2016 -0500

    Finished details subsection

commit 83639fdf3ad62d26d8f92e868b057c8667339fd3
Author: Jorge Munoz <jorgmuno@cs.utexas.edu>
Date:   Tue Mar 22 17:03:53 2016 -0500

    added the models.py. Still not done. Need to add assertions based on Downing Rules

commit 3fcc50be71396f05506292a8bbc388492b72955a
Author: Xavier Ramirez <alpha@wireless-10-147-76-60.public.utexas.edu>
Date:   Tue Mar 22 16:33:52 2016 -0500

    Completed section for Artist News

commit cb78a4528958dd229effbed972518b54f02e3085
Author: Kristine Domingo <kristine@cs.utexas.edu>
Date:   Tue Mar 22 15:29:18 2016 -0500

    Added links to track in album details, began track-details

commit 7c1a34a04d4eb2ab5b1cb8ff5bc8e44a15d710e5
Author: Kristine Domingo <kristine@cs.utexas.edu>
Date:   Tue Mar 22 12:30:33 2016 -0500

    Added links to artist pages on album details page

commit 10fe12aea64a7cbfff6875552cca17b6c73c08da
Merge: 34d3420 79d1fbf
Author: Kristine Domingo <kristine@cs.utexas.edu>
Date:   Tue Mar 22 12:20:19 2016 -0500

    Merge branch 'dev' of github.com:kristinedomingo/cs373-idb into dev

commit 34d34209493d782db7a21e065e105ec1974a2a13
Author: Kristine Domingo <kristine@cs.utexas.edu>
Date:   Tue Mar 22 12:20:14 2016 -0500

    Made album detail boxes fit, postponing 'description' box

commit 79d1fbfa7e2ac5994a9ec80c460f35b62999d43f
Author: Xavier Ramirez <alpha@Xaviers-MacBook-Pro.local>
Date:   Mon Mar 21 23:36:59 2016 -0500

    handled empty data scenario

commit fa69e69ffdbabd064f2a97eb314a42dbdc1bcb55
Author: Xavier Ramirez <alpha@Xaviers-MacBook-Pro.local>
Date:   Mon Mar 21 23:23:20 2016 -0500

    Bio is set up for artist

commit 26eab09be8428498d174435d755345d01a727a92
Author: Xavier Ramirez <alpha@Xaviers-MacBook-Pro.local>
Date:   Mon Mar 21 22:53:52 2016 -0500

    added news and bio services to be consumed by tables

commit 441873639a20b2ec29acb1563dd1e3d852fc2bc3
Author: Xavier Ramirez <alpha@Xaviers-MacBook-Pro.local>
Date:   Mon Mar 21 22:19:00 2016 -0500

    Added angular resource

commit 3d66f37eea70fadbac741da3c73aad6e93449704
Author: Xavier Ramirez <alpha@Xaviers-MacBook-Pro.local>
Date:   Mon Mar 21 22:16:05 2016 -0500

    Fixed base styling for artist details page

commit 50667a712c148e7c88842fb06a305d64cc8d1971
Merge: 256cd78 ea7ec2e
Author: Xavier Ramirez <alpha@Xaviers-MacBook-Pro.local>
Date:   Mon Mar 21 21:59:35 2016 -0500

    Merge branch 'dev' of https://github.com/kristinedomingo/cs373-idb into dev

commit 256cd78edaabb295c6772f14009dc48e033259bd
Author: Xavier Ramirez <alpha@Xaviers-MacBook-Pro.local>
Date:   Mon Mar 21 21:59:17 2016 -0500

    added artist-details css and added custom css. Changed the routing associated with the more details screen

commit ea7ec2e0ac54417f7ba1263d0ff710bc99358e2c
Author: Kristine Domingo <kristine@cs.utexas.edu>
Date:   Mon Mar 21 21:28:50 2016 -0500

    Fixed splash page CSS

commit fc5e7c302d8b3133f94211a0904e879ac90548d6
Author: Kristine Domingo <kristine@cs.utexas.edu>
Date:   Mon Mar 21 20:50:11 2016 -0500

    Got rid of the double scrollbar lol

commit 4ff22167a090246c3897da8e59ea181519e9d18c
Merge: 677b274 02aaa86
Author: Kristine Domingo <kristine@cs.utexas.edu>
Date:   Mon Mar 21 20:38:13 2016 -0500

    Merge branch 'dev' of github.com:kristinedomingo/cs373-idb into dev

commit 677b274d79ff64f960129269d562a9c0fcdcec68
Author: Kristine Domingo <kristine@cs.utexas.edu>
Date:   Mon Mar 21 20:38:05 2016 -0500

    Added base.css, removed redundant CSS, close #49

commit 02aaa865a9776713796428e1944fa79baae8127d
Author: Xavier Ramirez <alpha@Xaviers-MacBook-Pro.local>
Date:   Mon Mar 21 20:36:09 2016 -0500

    removed persistArtist and changed over to localStorage

commit 4fab44dd118b5e5ac023eb155cd8ad1f5c99347f
Author: Kristine Domingo <kristine@cs.utexas.edu>
Date:   Mon Mar 21 20:22:05 2016 -0500

    Close #50 (fixed scrolling on iOS)

commit 7c182e3529ad6c3ef1279c8be8cd7a8376f77e09
Merge: f109729 353efa1
Author: Kristine Domingo <kristine@cs.utexas.edu>
Date:   Mon Mar 21 20:14:37 2016 -0500

    Merge branch 'dev' of github.com:kristinedomingo/cs373-idb into dev

commit f109729cecb5906f42abf24360aeb0c3f1544107
Author: Kristine Domingo <kristine@cs.utexas.edu>
Date:   Mon Mar 21 20:14:32 2016 -0500

    Cleaned up album details page

commit 353efa1e989b0b13ca5063d5f4a2da3dda70efb3
Merge: 3adaca7 d999166
Author: Xavier Ramirez <alpha@Xaviers-MacBook-Pro.local>
Date:   Mon Mar 21 20:01:14 2016 -0500

    Merge branch 'dev' of https://github.com/kristinedomingo/cs373-idb into dev

commit 3adaca7d59b21928e1ca5e42afd6fa832a8b21d6
Author: Xavier Ramirez <alpha@Xaviers-MacBook-Pro.local>
Date:   Mon Mar 21 20:00:58 2016 -0500

    defined function in ArtistDetailsCtrl to find correct artist

commit d999166771dd81eb09f5206fdc8374ba3bc3adb3
Author: Kristine Domingo <kristine@cs.utexas.edu>
Date:   Mon Mar 21 17:56:45 2016 -0500

    Completed routing and information passing for Album Details pages

commit cb7d74f523327efd50373f9bf1a46368aa5e69f4
Author: Xavier Ramirez <alpha@Xaviers-MacBook-Pro.local>
Date:   Sun Mar 20 14:13:23 2016 -0500

    removed old app.js debug statements

commit fdcae4d677538758bf5ef7dab213c2440864f6fb
Author: Xavier Ramirez <alpha@Xaviers-MacBook-Pro.local>
Date:   Sun Mar 20 14:09:03 2016 -0500

    Fixed issue with the getter for ArtistDetailsCtrl, turned out to be a dependency issue on the controller Fixes #47

commit b8bc57ea361e9894234463e37d651420dba1f6f3
Author: Kristine Domingo <kristine@cs.utexas.edu>
Date:   Sun Mar 20 13:09:19 2016 -0500

    Made team member array easier to read.

commit dc9f802cc5fa6438242fa3cf4bb0c521fa480c9c
Author: Kristine Domingo <kristine@cs.utexas.edu>
Date:   Sun Mar 20 12:58:02 2016 -0500

    Added controller to About page, shortening HTML

commit 4dc0c2cedf86d66cdb13165730e2136e13b9b8f0
Author: Kristine Domingo <kristine@cs.utexas.edu>
Date:   Sun Mar 20 12:21:35 2016 -0500

    Added travis file

commit a1c95699dbcc0cef119795fb64db027d4d0c381a
Author: Kristine Domingo <kristine@cs.utexas.edu>
Date:   Sun Mar 20 12:07:16 2016 -0500

    Cleaned up code, added images to get_tracks

commit b79dc0e55090aecfc0e6154ce4145f3ab14581d6
Author: Kristine Domingo <kristine@cs.utexas.edu>
Date:   Sun Mar 20 12:01:14 2016 -0500

    Fixed album duration display

commit 5cf48efcdfcd28dc8e13b3c8415282ba93f8c164
Author: Kristine Domingo <kristine@cs.utexas.edu>
Date:   Sun Mar 20 11:55:49 2016 -0500

    Added tracks table, close #15

commit 4d3aa25cd76f0f7e75cdbcb01ddbc858020fafe2
Author: Kristine Domingo <kristine@cs.utexas.edu>
Date:   Sun Mar 20 00:29:03 2016 -0500

    Close #44

commit 929309ac16a83627a981c12cbba717e000536c7d
Author: Kristine Domingo <kristine@cs.utexas.edu>
Date:   Sun Mar 20 00:00:17 2016 -0500

    Matched albums css to artists

commit 46fba8071c55737208d2745b59c918c190310546
Author: Kristine Domingo <kristine@cs.utexas.edu>
Date:   Sat Mar 19 23:54:05 2016 -0500

    Removed line on top of tables

commit f153a217161ecb5b9a9fdc446e558bd076cccd4a
Author: Kristine Domingo <kristine@cs.utexas.edu>
Date:   Sat Mar 19 23:49:22 2016 -0500

    Cleaned up CSS

commit 73e38e2507c958948b991a7b77d92b7e36cbb9d8
Author: Kristine Domingo <kristine@cs.utexas.edu>
Date:   Sat Mar 19 23:36:49 2016 -0500

    Fixed stylings on albums

commit 6ab9dd57ea00b42226bd26c2320837dbb4e827ff
Author: Kristine Domingo <kristine@cs.utexas.edu>
Date:   Sat Mar 19 23:08:42 2016 -0500

    Fixed sorting in albums table

commit 3a776e4163a006a1f17bb9e820246c3d8b7ef9bb
Merge: 5c98fc7 299f0ae
Author: Kristine Domingo <kristine@cs.utexas.edu>
Date:   Sat Mar 19 23:06:52 2016 -0500

    Merge branch 'dev' of github.com:kristinedomingo/cs373-idb into dev

commit 5c98fc7e90399a80a33ac9aeed30c4a51cdb0fc2
Author: Kristine Domingo <kristine@cs.utexas.edu>
Date:   Sat Mar 19 23:06:31 2016 -0500

    Changed album length to human readable times

commit 299f0aee13f6c682ef5c6a0df2978ecd4eb5486f
Author: Xavier Ramirez <alpha@Xaviers-MacBook-Pro.local>
Date:   Sat Mar 19 23:05:03 2016 -0500

    fixing sorting bug

commit 2661dbb04452f64a62245acb3c00942014eb24fc
Merge: c41ffcc e9ce233
Author: Kristine Domingo <kristine@cs.utexas.edu>
Date:   Sat Mar 19 22:53:13 2016 -0500

    Merge branch 'dev' of github.com:kristinedomingo/cs373-idb into dev

commit c41ffccad36c442f1f82d3fd42654ffc4bc76fee
Author: Kristine Domingo <kristine@cs.utexas.edu>
Date:   Sat Mar 19 22:47:24 2016 -0500

    Added albums page, close #14

commit e9ce233ec8620f951bde6afb18132b17fff22922
Author: Xavier Ramirez <alpha@Xaviers-MacBook-Pro.local>
Date:   Sat Mar 19 22:39:54 2016 -0500

    Potentially fixed active nav issue

commit 8557546191618eec60220a9d24984db0518cb4f2
Merge: a6a93a9 89c6e02
Author: Kristine Domingo <kristine@cs.utexas.edu>
Date:   Sat Mar 19 21:53:41 2016 -0500

    Merge branch 'dev' of github.com:kristinedomingo/cs373-idb into dev

commit 89c6e0268b19d9a176f400b06b4478ad2a54ad80
Author: Xavier Ramirez <alpha@Xaviers-MacBook-Pro.local>
Date:   Sat Mar 19 21:11:24 2016 -0500

    Beautified html and CSS. Converted tabs to spaces in all JS files! Fixes #45

commit efa269a95f3c4241b94712ee7b84eabc905bbb52
Author: Xavier Ramirez <alpha@Xaviers-MacBook-Pro.local>
Date:   Sat Mar 19 21:04:27 2016 -0500

    Restructured and renamed files to correlate more with other examples of flask/angular projects

commit 7b943629960ba03cdfd65450dfdb4ea23fb92a96
Author: Xavier Ramirez <alpha@Xaviers-MacBook-Pro.local>
Date:   Sat Mar 19 20:51:29 2016 -0500

    Big commit, changed from flask routing to angular, added angular-dynamic css library, will be removing redundancy in the next commit

commit a6a93a96de1ef6f8b4d3dc332155d39f6ee4a44e
Author: Kristine Domingo <kristine@cs.utexas.edu>
Date:   Sat Mar 19 17:43:18 2016 -0500

    Added docker-build and docker-push to makefile, close #29

commit 19c176be08c60df0d3a3997b66de02450a6a2a0f
Merge: 432c275 9fda6c3
Author: Xavier Ramirez <alpha@Xaviers-MacBook-Pro.local>
Date:   Sat Mar 19 14:09:01 2016 -0500

    Merge branch 'dev' of https://github.com/kristinedomingo/cs373-idb into dev

commit 432c275c0089a8befb331fd535f85a833538b7c1
Author: Xavier Ramirez <alpha@Xaviers-MacBook-Pro.local>
Date:   Sat Mar 19 14:08:29 2016 -0500

    Fixed styling on the table, added another attribute to artists Fixes #35 Fixes #39

commit 9fda6c3548d96a9fe398162818d56f2f7d52cf21
Author: Kristine Domingo <kristine@cs.utexas.edu>
Date:   Sat Mar 19 12:48:24 2016 -0500

    Fixed vertical centering, close #40

commit 1a3e857cb281f4bf70db20c8983333a13bf9a5e5
Author: Kristine Domingo <kristine@cs.utexas.edu>
Date:   Sat Mar 19 12:39:35 2016 -0500

    Added 6th person slot (close #42)

commit bfcf813ee90248f51c4d1d7e76e53c3b5b9081d5
Author: Kristine Domingo <kristine@cs.utexas.edu>
Date:   Sat Mar 19 12:33:25 2016 -0500

    Fixed active nav links (close #41)

commit 01c081677cfbed6bfb7335f184f6402a567d1c54
Author: Xavier Ramirez <alpha@Xaviers-MacBook-Pro.local>
Date:   Thu Mar 17 22:00:17 2016 -0500

    Implemented sorting for artist tables

commit acc9a666705f1334b3141035156615b3a361df81
Author: Xavier Ramirez <alpha@Xaviers-MacBook-Pro.local>
Date:   Thu Mar 17 16:42:22 2016 -0500

    Fixed the table rendering

commit 5cf9be852bd7b0fe3d9b20f3724b2f454c5ec869
Author: Xavier Ramirez <alpha@Xaviers-MacBook-Pro.local>
Date:   Thu Mar 17 16:17:15 2016 -0500

    changed back angular src ref to the min version, and removed debug status in idb.py

commit 47242325a0b5ba76e83c8764d95880a6767f870e
Author: Xavier Ramirez <alpha@Xaviers-MacBook-Pro.local>
Date:   Thu Mar 17 16:11:49 2016 -0500

    omg omg angular is working O.O... I believe I have all angular files configured to work correctly

commit a97cdeb25fdef67dc660b96481270088b16725c2
Author: Xavier Ramirez <alpha@Xaviers-MacBook-Pro.local>
Date:   Wed Mar 16 18:36:17 2016 -0500

    Removed the last static html page in favor of the templating system. Updated idb.py to reflect this change

commit 2776cd764c62e9df85ce7448ebd1db41452bcc28
Author: Xavier Ramirez <alpha@Xaviers-MacBook-Pro.local>
Date:   Wed Mar 16 18:30:55 2016 -0500

    Added jquery src instead of CDN and added the script tags to include both angular and jquery into base html

commit c0efcf3352815563302ff2ecc313b7f68fbfa8c0
Author: Xavier Ramirez <alpha@Xaviers-MacBook-Pro.local>
Date:   Wed Mar 16 18:14:41 2016 -0500

    small changes to artists template and css. Added minified angularjs

commit 52b354d0f533814e741bb5103b8c61a33c5d08e1
Author: Xavier Ramirez <alpha@Xaviers-MBP.example.com>
Date:   Tue Mar 15 21:06:20 2016 -0500

    Added image attribute to artist tables. Changed some styling for the table to look more appealing based on the img cover

commit 651cb27f99fb0ab6d3bdb1bf9ab0d4742a4d6be4
Author: Xavier Ramirez <alpha@Xaviers-MBP.example.com>
Date:   Tue Mar 15 18:46:30 2016 -0500

    Removed the static about.html that was no longer being served. Used pretify to format HTML. See https://github.com/victorporof/Sublime-HTMLPrettify

commit ca108e04c35ff3879bdedd1dd7a1b219e620b928
Author: Xavier Ramirez <alpha@Xaviers-MBP.example.com>
Date:   Tue Mar 15 18:42:01 2016 -0500

    Changed styling in artist to be centered. Removed redundant html and utilized flask templating system. Switched flask to serve a template for about rather than a static file

commit 917d8871f7138f177ae690b055487ea155ca35b8
Author: Xavier Ramirez <alpha@Xaviers-MBP.example.com>
Date:   Mon Mar 14 17:13:12 2016 -0500

    Removed my echonest API key since it didn't provide a solution to genre problem

commit 7aad09f073bc15b410f0cc3d77e4b0f377c5edcd
Author: Xavier Ramirez <alpha@Xaviers-MBP.example.com>
Date:   Mon Mar 14 17:11:48 2016 -0500

    Implemented data creation for artists page and updated artists template to utilize the artist data

commit 16346b19dee8cefd09a2e08090748a45ccea27b4
Author: Kristine Domingo <kristine@cs.utexas.edu>
Date:   Sun Mar 13 15:25:36 2016 -0500

    Added logo credits to about page

commit 1fda703a9b201bcf208aa82d14854bc88bd3ebf4
Author: Kristine Domingo <kristine@cs.utexas.edu>
Date:   Sun Mar 13 15:14:31 2016 -0500

    Compressed concert bg even more, removed unused imgs

commit 01aa6a5e88ebaa37a56f0327a4ee7898145dda86
Author: Kristine Domingo <kristine@cs.utexas.edu>
Date:   Sun Mar 13 14:51:01 2016 -0500

    Added static artists html template

commit a7f54be1fbd9cd9bebca8c74ac15f5ab1d97717d
Author: Kristine Domingo <kristine@cs.utexas.edu>
Date:   Sun Mar 13 13:28:15 2016 -0500

    Added makefile

commit c2bcfe9eecc17376bbce4ab6dbcb852f08a129dc
Merge: 5726e12 1ac57a3
Author: Xavier Ramirez <alpha@Xaviers-MacBook-Pro.local>
Date:   Sun Mar 13 12:43:50 2016 -0500

    Handled merge conflicts

commit 5726e12ecc98cea20d592662564da0a57dbab364
Author: Xavier Ramirez <alpha@Xaviers-MacBook-Pro.local>
Date:   Sun Mar 13 12:42:25 2016 -0500

    Added basic hooks for the front-end to make ajax calls on, and updated requirements.txt to include the requests lib [Fixes #28]

commit 1239c7710e8711fbd0e34f992c3bad6dcd3c42ac
Author: Xavier Ramirez <alpha@Xaviers-MacBook-Pro.local>
Date:   Sun Mar 13 12:41:37 2016 -0500

    Added basic hooks for the front-end to make ajax calls on, and updated requirements.txt to include the requests lib [Fixes #28]

commit 1ac57a326d2f87ad8559944c47b173bc31d1b762
Author: Kristine Domingo <kristine@cs.utexas.edu>
Date:   Sun Mar 13 11:55:24 2016 -0500

    Added flask route for about, changed links to routes (vs html pages)

commit 5fef0e8acd8ead172fd9c537f31f6a712e234397
Author: Kristine Domingo <kristine@cs.utexas.edu>
Date:   Sun Mar 13 11:51:23 2016 -0500

    Fixed spacing errors/ugliness

commit dbec81dc9d7a8917ea42e89e668fd2364b69df20
Author: Kristine Domingo <kristine@cs.utexas.edu>
Date:   Sun Mar 13 03:52:10 2016 -0500

    Completed about page w/ dummy info

commit 6a3623c26f03aa619aa065ddd4279f8fb9011175
Author: Kristine Domingo <kristine@cs.utexas.edu>
Date:   Sat Mar 12 22:19:11 2016 -0600

    New logo sorry I know these are kind of annoying

commit fd38cdf4d0a6cbfb3acd10142e92a35dfacbe98c
Author: Kristine Domingo <kristine@cs.utexas.edu>
Date:   Sat Mar 12 22:02:29 2016 -0600

    Created logo for other template page

commit 476db3993ad4405e2432042a2c63a80ae67176c9
Author: Kristine Domingo <kristine@cs.utexas.edu>
Date:   Sat Mar 12 20:54:47 2016 -0600

    Mobile responsiveness is hard (fixed about page)

commit 86d4969934daa47bad1e85585b883dfb8074f307
Author: Kristine Domingo <kristine@cs.utexas.edu>
Date:   Sat Mar 12 18:17:04 2016 -0600

    Added about page

commit ddd5ccfdc3d84c0a662b800a7e5218bb0b42fd52
Author: Kristine Domingo <kristine@cs.utexas.edu>
Date:   Sat Mar 12 17:35:39 2016 -0600

    Compressed concert background imd image

commit bcd0df9bcf9f221e36f0c61e9391829e837d80f7
Author: Kristine Domingo <kristine@cs.utexas.edu>
Date:   Sat Mar 12 17:34:20 2016 -0600

    Added other template

commit becce57c1f9b9569f85e78fb3139f9a543e4455f
Author: kristinead <kristine@cs.utexas.edu>
Date:   Sat Mar 12 15:13:22 2016 -0600

    Sent wrong static file in idb.py

commit 698ffb34cb1b7a2f64d5acbc6cb20e50db709627
Author: Kristine Domingo <kristine@cs.utexas.edu>
Date:   Sat Mar 12 14:05:58 2016 -0600

    Removed DS_Store and added it to gitignore

commit 0def699420fa4788db446ab5a362f622f9e099d3
Author: Kristine Domingo <kristine@cs.utexas.edu>
Date:   Sat Mar 12 14:03:47 2016 -0600

    Moved static folder into app folder

commit 35f351eb718a03617ffdbb82b82929b014ddfdbe
Author: Xavier Ramirez <alpha@Xaviers-MacBook-Pro.local>
Date:   Fri Mar 11 19:29:15 2016 -0600

    Adding file structure associated with carina examples and docker compose files

commit 858f2e04c8d2f68434b1215c7f8be859467a2b6d
Author: Kristine Domingo <kristine@cs.utexas.edu>
Date:   Thu Mar 10 15:23:49 2016 -0600

    Cleanup, started about page

commit 32824704343c98ac69f7c9cd580f7b4a7d43ef94
Author: Kristine Domingo <kristine@cs.utexas.edu>
Date:   Tue Mar 8 21:12:17 2016 -0600

    Changed bg of t2

commit 3c72c14c57df5e8fe835e3f49635106f3d921dbe
Author: Kristine Domingo <kristine@cs.utexas.edu>
Date:   Tue Mar 8 18:18:26 2016 -0600

    Changed font of t2 to cursive

commit 7548ee39e59c83dd4f592b23ab652ff11b701ffa
Author: Kristine Domingo <kristine@cs.utexas.edu>
Date:   Tue Mar 8 15:11:25 2016 -0600

    Fixed bug wrong filename

commit c5e5d50a42239637e82b6abddeb6df664071c00d
Author: Kristine Domingo <kristine@cs.utexas.edu>
Date:   Tue Mar 8 15:05:20 2016 -0600

    Added mini flask app and dummy templates

commit 84d51211bdc62091f8f6ab210370cf407ee2570a
Author: Kristine Domingo <kristine@cs.utexas.edu>
Date:   Tue Mar 8 13:05:34 2016 -0600

    Init (added gitignore)
